{"C:\\Github\\TaskMasters\\client\\src\\App.js": {"path":"C:\\Github\\TaskMasters\\client\\src\\App.js","statementMap":{"0":{"start":{"line":9,"column":18},"end":{"line":9,"column":56}},"1":{"start":{"line":12,"column":26},"end":{"line":12,"column":40}},"2":{"start":{"line":13,"column":32},"end":{"line":13,"column":44}},"3":{"start":{"line":14,"column":36},"end":{"line":14,"column":53}},"4":{"start":{"line":17,"column":22},"end":{"line":20,"column":3}},"5":{"start":{"line":18,"column":4},"end":{"line":18,"column":36}},"6":{"start":{"line":19,"column":4},"end":{"line":19,"column":43}},"7":{"start":{"line":19,"column":21},"end":{"line":19,"column":35}},"8":{"start":{"line":23,"column":23},"end":{"line":29,"column":3}},"9":{"start":{"line":24,"column":4},"end":{"line":28,"column":5}},"10":{"start":{"line":25,"column":6},"end":{"line":25,"column":20}},"11":{"start":{"line":26,"column":6},"end":{"line":26,"column":21}},"12":{"start":{"line":27,"column":6},"end":{"line":27,"column":28}},"13":{"start":{"line":31,"column":2},"end":{"line":33,"column":3}},"14":{"start":{"line":32,"column":4},"end":{"line":32,"column":39}},"15":{"start":{"line":35,"column":2},"end":{"line":133,"column":4}},"16":{"start":{"line":76,"column":27},"end":{"line":76,"column":48}},"17":{"start":{"line":90,"column":27},"end":{"line":90,"column":50}},"18":{"start":{"line":104,"column":27},"end":{"line":104,"column":51}}},"fnMap":{"0":{"name":"App","decl":{"start":{"line":11,"column":9},"end":{"line":11,"column":12}},"loc":{"start":{"line":11,"column":15},"end":{"line":134,"column":1}},"line":11},"1":{"name":"(anonymous_1)","decl":{"start":{"line":17,"column":22},"end":{"line":17,"column":23}},"loc":{"start":{"line":17,"column":49},"end":{"line":20,"column":3}},"line":17},"2":{"name":"(anonymous_2)","decl":{"start":{"line":19,"column":15},"end":{"line":19,"column":16}},"loc":{"start":{"line":19,"column":21},"end":{"line":19,"column":35}},"line":19},"3":{"name":"(anonymous_3)","decl":{"start":{"line":23,"column":23},"end":{"line":23,"column":24}},"loc":{"start":{"line":23,"column":29},"end":{"line":29,"column":3}},"line":23},"4":{"name":"(anonymous_4)","decl":{"start":{"line":76,"column":21},"end":{"line":76,"column":22}},"loc":{"start":{"line":76,"column":27},"end":{"line":76,"column":48}},"line":76},"5":{"name":"(anonymous_5)","decl":{"start":{"line":90,"column":21},"end":{"line":90,"column":22}},"loc":{"start":{"line":90,"column":27},"end":{"line":90,"column":50}},"line":90},"6":{"name":"(anonymous_6)","decl":{"start":{"line":104,"column":21},"end":{"line":104,"column":22}},"loc":{"start":{"line":104,"column":27},"end":{"line":104,"column":51}},"line":104}},"branchMap":{"0":{"loc":{"start":{"line":17,"column":28},"end":{"line":17,"column":44}},"type":"default-arg","locations":[{"start":{"line":17,"column":35},"end":{"line":17,"column":44}}],"line":17},"1":{"loc":{"start":{"line":24,"column":4},"end":{"line":28,"column":5}},"type":"if","locations":[{"start":{"line":24,"column":4},"end":{"line":28,"column":5}},{"start":{},"end":{}}],"line":24},"2":{"loc":{"start":{"line":31,"column":2},"end":{"line":33,"column":3}},"type":"if","locations":[{"start":{"line":31,"column":2},"end":{"line":33,"column":3}},{"start":{},"end":{}}],"line":31},"3":{"loc":{"start":{"line":61,"column":9},"end":{"line":65,"column":9}},"type":"binary-expr","locations":[{"start":{"line":61,"column":9},"end":{"line":61,"column":16}},{"start":{"line":62,"column":10},"end":{"line":64,"column":16}}],"line":61},"4":{"loc":{"start":{"line":78,"column":26},"end":{"line":78,"column":117}},"type":"cond-expr","locations":[{"start":{"line":78,"column":50},"end":{"line":78,"column":101}},{"start":{"line":78,"column":104},"end":{"line":78,"column":117}}],"line":78},"5":{"loc":{"start":{"line":79,"column":21},"end":{"line":79,"column":61}},"type":"cond-expr","locations":[{"start":{"line":79,"column":45},"end":{"line":79,"column":52}},{"start":{"line":79,"column":55},"end":{"line":79,"column":61}}],"line":79},"6":{"loc":{"start":{"line":80,"column":22},"end":{"line":80,"column":74}},"type":"cond-expr","locations":[{"start":{"line":80,"column":46},"end":{"line":80,"column":52}},{"start":{"line":80,"column":55},"end":{"line":80,"column":74}}],"line":80},"7":{"loc":{"start":{"line":92,"column":26},"end":{"line":92,"column":119}},"type":"cond-expr","locations":[{"start":{"line":92,"column":52},"end":{"line":92,"column":103}},{"start":{"line":92,"column":106},"end":{"line":92,"column":119}}],"line":92},"8":{"loc":{"start":{"line":93,"column":21},"end":{"line":93,"column":63}},"type":"cond-expr","locations":[{"start":{"line":93,"column":47},"end":{"line":93,"column":54}},{"start":{"line":93,"column":57},"end":{"line":93,"column":63}}],"line":93},"9":{"loc":{"start":{"line":94,"column":22},"end":{"line":94,"column":76}},"type":"cond-expr","locations":[{"start":{"line":94,"column":48},"end":{"line":94,"column":54}},{"start":{"line":94,"column":57},"end":{"line":94,"column":76}}],"line":94},"10":{"loc":{"start":{"line":106,"column":26},"end":{"line":106,"column":120}},"type":"cond-expr","locations":[{"start":{"line":106,"column":53},"end":{"line":106,"column":104}},{"start":{"line":106,"column":107},"end":{"line":106,"column":120}}],"line":106},"11":{"loc":{"start":{"line":107,"column":21},"end":{"line":107,"column":64}},"type":"cond-expr","locations":[{"start":{"line":107,"column":48},"end":{"line":107,"column":55}},{"start":{"line":107,"column":58},"end":{"line":107,"column":64}}],"line":107},"12":{"loc":{"start":{"line":108,"column":22},"end":{"line":108,"column":77}},"type":"cond-expr","locations":[{"start":{"line":108,"column":49},"end":{"line":108,"column":55}},{"start":{"line":108,"column":58},"end":{"line":108,"column":77}}],"line":108},"13":{"loc":{"start":{"line":120,"column":9},"end":{"line":122,"column":9}},"type":"binary-expr","locations":[{"start":{"line":120,"column":9},"end":{"line":120,"column":30}},{"start":{"line":121,"column":10},"end":{"line":121,"column":56}}],"line":120},"14":{"loc":{"start":{"line":124,"column":9},"end":{"line":126,"column":9}},"type":"binary-expr","locations":[{"start":{"line":124,"column":9},"end":{"line":124,"column":32}},{"start":{"line":125,"column":10},"end":{"line":125,"column":64}}],"line":124},"15":{"loc":{"start":{"line":128,"column":9},"end":{"line":130,"column":9}},"type":"binary-expr","locations":[{"start":{"line":128,"column":9},"end":{"line":128,"column":33}},{"start":{"line":129,"column":10},"end":{"line":129,"column":60}}],"line":128}},"s":{"0":1,"1":1,"2":1,"3":1,"4":1,"5":0,"6":0,"7":0,"8":1,"9":0,"10":0,"11":0,"12":0,"13":1,"14":1,"15":0,"16":0,"17":0,"18":0},"f":{"0":1,"1":0,"2":0,"3":0,"4":0,"5":0,"6":0},"b":{"0":[0],"1":[0,0],"2":[1,0],"3":[0,0],"4":[0,0],"5":[0,0],"6":[0,0],"7":[0,0],"8":[0,0],"9":[0,0],"10":[0,0],"11":[0,0],"12":[0,0],"13":[0,0],"14":[0,0],"15":[0,0]},"_coverageSchema":"1a1c01bbd47fc00a2c39e90264f33305004495a9","hash":"267defa8b94b1a353d893b2286aa4b1a8207814b"}
,"C:\\Github\\TaskMasters\\client\\src\\Calendar.js": {"path":"C:\\Github\\TaskMasters\\client\\src\\Calendar.js","statementMap":{"0":{"start":{"line":7,"column":17},"end":{"line":400,"column":1}},"1":{"start":{"line":8,"column":40},"end":{"line":8,"column":60}},"2":{"start":{"line":9,"column":42},"end":{"line":9,"column":62}},"3":{"start":{"line":10,"column":30},"end":{"line":21,"column":4}},"4":{"start":{"line":22,"column":44},"end":{"line":22,"column":59}},"5":{"start":{"line":23,"column":42},"end":{"line":23,"column":56}},"6":{"start":{"line":24,"column":34},"end":{"line":32,"column":4}},"7":{"start":{"line":34,"column":17},"end":{"line":37,"column":3}},"8":{"start":{"line":39,"column":25},"end":{"line":60,"column":3}},"9":{"start":{"line":40,"column":17},"end":{"line":40,"column":35}},"10":{"start":{"line":41,"column":18},"end":{"line":41,"column":33}},"11":{"start":{"line":42,"column":21},"end":{"line":42,"column":45}},"12":{"start":{"line":43,"column":20},"end":{"line":43,"column":48}},"13":{"start":{"line":44,"column":24},"end":{"line":44,"column":41}},"14":{"start":{"line":45,"column":30},"end":{"line":45,"column":47}},"15":{"start":{"line":47,"column":17},"end":{"line":47,"column":19}},"16":{"start":{"line":50,"column":4},"end":{"line":52,"column":5}},"17":{"start":{"line":50,"column":17},"end":{"line":50,"column":18}},"18":{"start":{"line":51,"column":6},"end":{"line":51,"column":22}},"19":{"start":{"line":55,"column":4},"end":{"line":57,"column":5}},"20":{"start":{"line":55,"column":19},"end":{"line":55,"column":20}},"21":{"start":{"line":56,"column":6},"end":{"line":56,"column":44}},"22":{"start":{"line":59,"column":4},"end":{"line":59,"column":16}},"23":{"start":{"line":62,"column":27},"end":{"line":66,"column":3}},"24":{"start":{"line":63,"column":4},"end":{"line":65,"column":6}},"25":{"start":{"line":64,"column":6},"end":{"line":64,"column":55}},"26":{"start":{"line":68,"column":26},"end":{"line":70,"column":3}},"27":{"start":{"line":69,"column":4},"end":{"line":69,"column":87}},"28":{"start":{"line":72,"column":26},"end":{"line":74,"column":3}},"29":{"start":{"line":73,"column":4},"end":{"line":73,"column":87}},"30":{"start":{"line":76,"column":26},"end":{"line":78,"column":3}},"31":{"start":{"line":77,"column":4},"end":{"line":77,"column":26}},"32":{"start":{"line":80,"column":25},"end":{"line":92,"column":3}},"33":{"start":{"line":81,"column":4},"end":{"line":89,"column":7}},"34":{"start":{"line":90,"column":4},"end":{"line":90,"column":26}},"35":{"start":{"line":91,"column":4},"end":{"line":91,"column":27}},"36":{"start":{"line":94,"column":26},"end":{"line":101,"column":3}},"37":{"start":{"line":95,"column":4},"end":{"line":98,"column":7}},"38":{"start":{"line":99,"column":4},"end":{"line":99,"column":27}},"39":{"start":{"line":100,"column":4},"end":{"line":100,"column":27}},"40":{"start":{"line":103,"column":28},"end":{"line":108,"column":3}},"41":{"start":{"line":104,"column":4},"end":{"line":107,"column":5}},"42":{"start":{"line":105,"column":6},"end":{"line":105,"column":54}},"43":{"start":{"line":105,"column":35},"end":{"line":105,"column":51}},"44":{"start":{"line":106,"column":6},"end":{"line":106,"column":59}},"45":{"start":{"line":110,"column":26},"end":{"line":140,"column":3}},"46":{"start":{"line":111,"column":4},"end":{"line":114,"column":5}},"47":{"start":{"line":112,"column":6},"end":{"line":112,"column":65}},"48":{"start":{"line":113,"column":6},"end":{"line":113,"column":13}},"49":{"start":{"line":116,"column":22},"end":{"line":120,"column":5}},"50":{"start":{"line":118,"column":56},"end":{"line":118,"column":64}},"51":{"start":{"line":118,"column":78},"end":{"line":118,"column":79}},"52":{"start":{"line":122,"column":4},"end":{"line":128,"column":5}},"53":{"start":{"line":123,"column":6},"end":{"line":123,"column":75}},"54":{"start":{"line":123,"column":32},"end":{"line":123,"column":72}},"55":{"start":{"line":124,"column":6},"end":{"line":124,"column":59}},"56":{"start":{"line":126,"column":6},"end":{"line":126,"column":40}},"57":{"start":{"line":127,"column":6},"end":{"line":127,"column":59}},"58":{"start":{"line":130,"column":4},"end":{"line":130,"column":28}},"59":{"start":{"line":131,"column":4},"end":{"line":139,"column":7}},"60":{"start":{"line":142,"column":28},"end":{"line":149,"column":3}},"61":{"start":{"line":143,"column":4},"end":{"line":148,"column":5}},"62":{"start":{"line":144,"column":22},"end":{"line":144,"column":39}},"63":{"start":{"line":145,"column":23},"end":{"line":145,"column":40}},"64":{"start":{"line":146,"column":27},"end":{"line":146,"column":44}},"65":{"start":{"line":147,"column":15},"end":{"line":147,"column":32}},"66":{"start":{"line":151,"column":18},"end":{"line":154,"column":3}},"67":{"start":{"line":152,"column":18},"end":{"line":152,"column":28}},"68":{"start":{"line":153,"column":4},"end":{"line":153,"column":56}},"69":{"start":{"line":156,"column":21},"end":{"line":158,"column":3}},"70":{"start":{"line":157,"column":4},"end":{"line":157,"column":63}},"71":{"start":{"line":160,"column":15},"end":{"line":160,"column":42}},"72":{"start":{"line":161,"column":29},"end":{"line":161,"column":59}},"73":{"start":{"line":165,"column":2},"end":{"line":399,"column":4}},"74":{"start":{"line":193,"column":16},"end":{"line":195,"column":22}},"75":{"start":{"line":200,"column":16},"end":{"line":230,"column":22}},"76":{"start":{"line":202,"column":33},"end":{"line":202,"column":62}},"77":{"start":{"line":215,"column":28},"end":{"line":219,"column":30}},"78":{"start":{"line":254,"column":18},"end":{"line":294,"column":24}},"79":{"start":{"line":263,"column":41},"end":{"line":263,"column":63}},"80":{"start":{"line":269,"column":41},"end":{"line":269,"column":68}},"81":{"start":{"line":315,"column":37},"end":{"line":315,"column":88}},"82":{"start":{"line":326,"column":39},"end":{"line":326,"column":89}},"83":{"start":{"line":336,"column":39},"end":{"line":336,"column":93}},"84":{"start":{"line":348,"column":37},"end":{"line":348,"column":91}},"85":{"start":{"line":358,"column":37},"end":{"line":358,"column":87}},"86":{"start":{"line":373,"column":37},"end":{"line":373,"column":92}},"87":{"start":{"line":381,"column":35},"end":{"line":381,"column":58}}},"fnMap":{"0":{"name":"(anonymous_0)","decl":{"start":{"line":7,"column":17},"end":{"line":7,"column":18}},"loc":{"start":{"line":7,"column":44},"end":{"line":400,"column":1}},"line":7},"1":{"name":"(anonymous_1)","decl":{"start":{"line":39,"column":25},"end":{"line":39,"column":26}},"loc":{"start":{"line":39,"column":35},"end":{"line":60,"column":3}},"line":39},"2":{"name":"(anonymous_2)","decl":{"start":{"line":62,"column":27},"end":{"line":62,"column":28}},"loc":{"start":{"line":62,"column":37},"end":{"line":66,"column":3}},"line":62},"3":{"name":"(anonymous_3)","decl":{"start":{"line":63,"column":25},"end":{"line":63,"column":26}},"loc":{"start":{"line":64,"column":6},"end":{"line":64,"column":55}},"line":64},"4":{"name":"(anonymous_4)","decl":{"start":{"line":68,"column":26},"end":{"line":68,"column":27}},"loc":{"start":{"line":68,"column":32},"end":{"line":70,"column":3}},"line":68},"5":{"name":"(anonymous_5)","decl":{"start":{"line":72,"column":26},"end":{"line":72,"column":27}},"loc":{"start":{"line":72,"column":32},"end":{"line":74,"column":3}},"line":72},"6":{"name":"(anonymous_6)","decl":{"start":{"line":76,"column":26},"end":{"line":76,"column":27}},"loc":{"start":{"line":76,"column":36},"end":{"line":78,"column":3}},"line":76},"7":{"name":"(anonymous_7)","decl":{"start":{"line":80,"column":25},"end":{"line":80,"column":26}},"loc":{"start":{"line":80,"column":31},"end":{"line":92,"column":3}},"line":80},"8":{"name":"(anonymous_8)","decl":{"start":{"line":94,"column":26},"end":{"line":94,"column":27}},"loc":{"start":{"line":94,"column":37},"end":{"line":101,"column":3}},"line":94},"9":{"name":"(anonymous_9)","decl":{"start":{"line":103,"column":28},"end":{"line":103,"column":29}},"loc":{"start":{"line":103,"column":41},"end":{"line":108,"column":3}},"line":103},"10":{"name":"(anonymous_10)","decl":{"start":{"line":105,"column":30},"end":{"line":105,"column":31}},"loc":{"start":{"line":105,"column":35},"end":{"line":105,"column":51}},"line":105},"11":{"name":"(anonymous_11)","decl":{"start":{"line":110,"column":26},"end":{"line":110,"column":27}},"loc":{"start":{"line":110,"column":32},"end":{"line":140,"column":3}},"line":110},"12":{"name":"(anonymous_12)","decl":{"start":{"line":118,"column":51},"end":{"line":118,"column":52}},"loc":{"start":{"line":118,"column":56},"end":{"line":118,"column":64}},"line":118},"13":{"name":"(anonymous_13)","decl":{"start":{"line":118,"column":73},"end":{"line":118,"column":74}},"loc":{"start":{"line":118,"column":78},"end":{"line":118,"column":79}},"line":118},"14":{"name":"(anonymous_14)","decl":{"start":{"line":123,"column":27},"end":{"line":123,"column":28}},"loc":{"start":{"line":123,"column":32},"end":{"line":123,"column":72}},"line":123},"15":{"name":"(anonymous_15)","decl":{"start":{"line":142,"column":28},"end":{"line":142,"column":29}},"loc":{"start":{"line":142,"column":38},"end":{"line":149,"column":3}},"line":142},"16":{"name":"(anonymous_16)","decl":{"start":{"line":151,"column":18},"end":{"line":151,"column":19}},"loc":{"start":{"line":151,"column":28},"end":{"line":154,"column":3}},"line":151},"17":{"name":"(anonymous_17)","decl":{"start":{"line":156,"column":21},"end":{"line":156,"column":22}},"loc":{"start":{"line":156,"column":31},"end":{"line":158,"column":3}},"line":156},"18":{"name":"(anonymous_18)","decl":{"start":{"line":192,"column":69},"end":{"line":192,"column":70}},"loc":{"start":{"line":193,"column":16},"end":{"line":195,"column":22}},"line":193},"19":{"name":"(anonymous_19)","decl":{"start":{"line":199,"column":24},"end":{"line":199,"column":25}},"loc":{"start":{"line":200,"column":16},"end":{"line":230,"column":22}},"line":200},"20":{"name":"(anonymous_20)","decl":{"start":{"line":202,"column":27},"end":{"line":202,"column":28}},"loc":{"start":{"line":202,"column":33},"end":{"line":202,"column":62}},"line":202},"21":{"name":"(anonymous_21)","decl":{"start":{"line":214,"column":66},"end":{"line":214,"column":67}},"loc":{"start":{"line":215,"column":28},"end":{"line":219,"column":30}},"line":215},"22":{"name":"(anonymous_22)","decl":{"start":{"line":253,"column":39},"end":{"line":253,"column":40}},"loc":{"start":{"line":254,"column":18},"end":{"line":294,"column":24}},"line":254},"23":{"name":"(anonymous_23)","decl":{"start":{"line":263,"column":35},"end":{"line":263,"column":36}},"loc":{"start":{"line":263,"column":41},"end":{"line":263,"column":63}},"line":263},"24":{"name":"(anonymous_24)","decl":{"start":{"line":269,"column":35},"end":{"line":269,"column":36}},"loc":{"start":{"line":269,"column":41},"end":{"line":269,"column":68}},"line":269},"25":{"name":"(anonymous_25)","decl":{"start":{"line":315,"column":30},"end":{"line":315,"column":31}},"loc":{"start":{"line":315,"column":37},"end":{"line":315,"column":88}},"line":315},"26":{"name":"(anonymous_26)","decl":{"start":{"line":326,"column":32},"end":{"line":326,"column":33}},"loc":{"start":{"line":326,"column":39},"end":{"line":326,"column":89}},"line":326},"27":{"name":"(anonymous_27)","decl":{"start":{"line":336,"column":32},"end":{"line":336,"column":33}},"loc":{"start":{"line":336,"column":39},"end":{"line":336,"column":93}},"line":336},"28":{"name":"(anonymous_28)","decl":{"start":{"line":348,"column":30},"end":{"line":348,"column":31}},"loc":{"start":{"line":348,"column":37},"end":{"line":348,"column":91}},"line":348},"29":{"name":"(anonymous_29)","decl":{"start":{"line":358,"column":30},"end":{"line":358,"column":31}},"loc":{"start":{"line":358,"column":37},"end":{"line":358,"column":87}},"line":358},"30":{"name":"(anonymous_30)","decl":{"start":{"line":373,"column":30},"end":{"line":373,"column":31}},"loc":{"start":{"line":373,"column":37},"end":{"line":373,"column":92}},"line":373},"31":{"name":"(anonymous_31)","decl":{"start":{"line":381,"column":29},"end":{"line":381,"column":30}},"loc":{"start":{"line":381,"column":35},"end":{"line":381,"column":58}},"line":381}},"branchMap":{"0":{"loc":{"start":{"line":104,"column":4},"end":{"line":107,"column":5}},"type":"if","locations":[{"start":{"line":104,"column":4},"end":{"line":107,"column":5}},{"start":{},"end":{}}],"line":104},"1":{"loc":{"start":{"line":111,"column":4},"end":{"line":114,"column":5}},"type":"if","locations":[{"start":{"line":111,"column":4},"end":{"line":114,"column":5}},{"start":{},"end":{}}],"line":111},"2":{"loc":{"start":{"line":111,"column":8},"end":{"line":111,"column":41}},"type":"binary-expr","locations":[{"start":{"line":111,"column":8},"end":{"line":111,"column":23}},{"start":{"line":111,"column":27},"end":{"line":111,"column":41}}],"line":111},"3":{"loc":{"start":{"line":119,"column":10},"end":{"line":119,"column":53}},"type":"cond-expr","locations":[{"start":{"line":119,"column":25},"end":{"line":119,"column":40}},{"start":{"line":119,"column":43},"end":{"line":119,"column":53}}],"line":119},"4":{"loc":{"start":{"line":122,"column":4},"end":{"line":128,"column":5}},"type":"if","locations":[{"start":{"line":122,"column":4},"end":{"line":128,"column":5}},{"start":{"line":125,"column":11},"end":{"line":128,"column":5}}],"line":122},"5":{"loc":{"start":{"line":123,"column":32},"end":{"line":123,"column":72}},"type":"cond-expr","locations":[{"start":{"line":123,"column":59},"end":{"line":123,"column":68}},{"start":{"line":123,"column":71},"end":{"line":123,"column":72}}],"line":123},"6":{"loc":{"start":{"line":143,"column":4},"end":{"line":148,"column":5}},"type":"switch","locations":[{"start":{"line":144,"column":6},"end":{"line":144,"column":39}},{"start":{"line":145,"column":6},"end":{"line":145,"column":40}},{"start":{"line":146,"column":6},"end":{"line":146,"column":44}},{"start":{"line":147,"column":6},"end":{"line":147,"column":32}}],"line":143},"7":{"loc":{"start":{"line":202,"column":33},"end":{"line":202,"column":62}},"type":"binary-expr","locations":[{"start":{"line":202,"column":33},"end":{"line":202,"column":37}},{"start":{"line":202,"column":41},"end":{"line":202,"column":62}}],"line":202},"8":{"loc":{"start":{"line":204,"column":20},"end":{"line":204,"column":99}},"type":"cond-expr","locations":[{"start":{"line":204,"column":28},"end":{"line":204,"column":88}},{"start":{"line":204,"column":92},"end":{"line":204,"column":99}}],"line":204},"9":{"loc":{"start":{"line":204,"column":28},"end":{"line":204,"column":88}},"type":"cond-expr","locations":[{"start":{"line":204,"column":47},"end":{"line":204,"column":57}},{"start":{"line":204,"column":60},"end":{"line":204,"column":88}}],"line":204},"10":{"loc":{"start":{"line":204,"column":60},"end":{"line":204,"column":88}},"type":"cond-expr","locations":[{"start":{"line":204,"column":76},"end":{"line":204,"column":83}},{"start":{"line":204,"column":86},"end":{"line":204,"column":88}}],"line":204},"11":{"loc":{"start":{"line":207,"column":19},"end":{"line":229,"column":19}},"type":"binary-expr","locations":[{"start":{"line":207,"column":19},"end":{"line":207,"column":23}},{"start":{"line":208,"column":20},"end":{"line":228,"column":23}}],"line":207},"12":{"loc":{"start":{"line":212,"column":23},"end":{"line":227,"column":23}},"type":"binary-expr","locations":[{"start":{"line":212,"column":23},"end":{"line":212,"column":56}},{"start":{"line":213,"column":24},"end":{"line":226,"column":30}}],"line":212},"13":{"loc":{"start":{"line":221,"column":27},"end":{"line":225,"column":27}},"type":"binary-expr","locations":[{"start":{"line":221,"column":27},"end":{"line":221,"column":60}},{"start":{"line":222,"column":28},"end":{"line":224,"column":35}}],"line":221},"14":{"loc":{"start":{"line":248,"column":15},"end":{"line":296,"column":15}},"type":"cond-expr","locations":[{"start":{"line":249,"column":16},"end":{"line":251,"column":22}},{"start":{"line":253,"column":16},"end":{"line":295,"column":18}}],"line":248},"15":{"loc":{"start":{"line":281,"column":23},"end":{"line":286,"column":23}},"type":"binary-expr","locations":[{"start":{"line":281,"column":23},"end":{"line":281,"column":37}},{"start":{"line":282,"column":24},"end":{"line":285,"column":30}}],"line":281},"16":{"loc":{"start":{"line":287,"column":23},"end":{"line":292,"column":23}},"type":"binary-expr","locations":[{"start":{"line":287,"column":23},"end":{"line":287,"column":49}},{"start":{"line":288,"column":24},"end":{"line":291,"column":30}}],"line":287},"17":{"loc":{"start":{"line":302,"column":9},"end":{"line":396,"column":9}},"type":"binary-expr","locations":[{"start":{"line":302,"column":9},"end":{"line":302,"column":22}},{"start":{"line":303,"column":10},"end":{"line":395,"column":16}}],"line":302},"18":{"loc":{"start":{"line":306,"column":17},"end":{"line":306,"column":62}},"type":"cond-expr","locations":[{"start":{"line":306,"column":32},"end":{"line":306,"column":44}},{"start":{"line":306,"column":47},"end":{"line":306,"column":62}}],"line":306},"19":{"loc":{"start":{"line":390,"column":21},"end":{"line":390,"column":55}},"type":"cond-expr","locations":[{"start":{"line":390,"column":36},"end":{"line":390,"column":44}},{"start":{"line":390,"column":47},"end":{"line":390,"column":55}}],"line":390}},"s":{"0":1,"1":0,"2":0,"3":0,"4":0,"5":0,"6":0,"7":0,"8":0,"9":0,"10":0,"11":0,"12":0,"13":0,"14":0,"15":0,"16":0,"17":0,"18":0,"19":0,"20":0,"21":0,"22":0,"23":0,"24":0,"25":0,"26":0,"27":0,"28":0,"29":0,"30":0,"31":0,"32":0,"33":0,"34":0,"35":0,"36":0,"37":0,"38":0,"39":0,"40":0,"41":0,"42":0,"43":0,"44":0,"45":0,"46":0,"47":0,"48":0,"49":0,"50":0,"51":0,"52":0,"53":0,"54":0,"55":0,"56":0,"57":0,"58":0,"59":0,"60":0,"61":0,"62":0,"63":0,"64":0,"65":0,"66":0,"67":0,"68":0,"69":0,"70":0,"71":0,"72":0,"73":0,"74":0,"75":0,"76":0,"77":0,"78":0,"79":0,"80":0,"81":0,"82":0,"83":0,"84":0,"85":0,"86":0,"87":0},"f":{"0":0,"1":0,"2":0,"3":0,"4":0,"5":0,"6":0,"7":0,"8":0,"9":0,"10":0,"11":0,"12":0,"13":0,"14":0,"15":0,"16":0,"17":0,"18":0,"19":0,"20":0,"21":0,"22":0,"23":0,"24":0,"25":0,"26":0,"27":0,"28":0,"29":0,"30":0,"31":0},"b":{"0":[0,0],"1":[0,0],"2":[0,0],"3":[0,0],"4":[0,0],"5":[0,0],"6":[0,0,0,0],"7":[0,0],"8":[0,0],"9":[0,0],"10":[0,0],"11":[0,0],"12":[0,0],"13":[0,0],"14":[0,0],"15":[0,0],"16":[0,0],"17":[0,0],"18":[0,0],"19":[0,0]},"_coverageSchema":"1a1c01bbd47fc00a2c39e90264f33305004495a9","hash":"ffd2bd0f9fd945792d2ddc60a2dbc6ad42ae6cdf"}
,"C:\\Github\\TaskMasters\\client\\src\\ChatButton.js": {"path":"C:\\Github\\TaskMasters\\client\\src\\ChatButton.js","statementMap":{"0":{"start":{"line":5,"column":34},"end":{"line":5,"column":49}},"1":{"start":{"line":7,"column":2},"end":{"line":7,"column":57}},"2":{"start":{"line":9,"column":2},"end":{"line":33,"column":4}},"3":{"start":{"line":13,"column":10},"end":{"line":13,"column":45}},"4":{"start":{"line":14,"column":10},"end":{"line":14,"column":28}},"5":{"start":{"line":27,"column":12},"end":{"line":27,"column":45}},"6":{"start":{"line":28,"column":12},"end":{"line":28,"column":31}}},"fnMap":{"0":{"name":"ChatButton","decl":{"start":{"line":4,"column":9},"end":{"line":4,"column":19}},"loc":{"start":{"line":4,"column":38},"end":{"line":34,"column":1}},"line":4},"1":{"name":"(anonymous_1)","decl":{"start":{"line":12,"column":17},"end":{"line":12,"column":18}},"loc":{"start":{"line":12,"column":23},"end":{"line":15,"column":9}},"line":12},"2":{"name":"(anonymous_2)","decl":{"start":{"line":26,"column":19},"end":{"line":26,"column":20}},"loc":{"start":{"line":26,"column":25},"end":{"line":29,"column":11}},"line":26}},"branchMap":{"0":{"loc":{"start":{"line":22,"column":7},"end":{"line":31,"column":7}},"type":"binary-expr","locations":[{"start":{"line":22,"column":7},"end":{"line":22,"column":15}},{"start":{"line":23,"column":8},"end":{"line":30,"column":10}}],"line":22}},"s":{"0":4,"1":4,"2":4,"3":0,"4":0,"5":0,"6":0},"f":{"0":4,"1":0,"2":0},"b":{"0":[4,0]},"_coverageSchema":"1a1c01bbd47fc00a2c39e90264f33305004495a9","hash":"99603cedff867c8db313deca48f12b49f1f59079"}
,"C:\\Github\\TaskMasters\\client\\src\\ChatWindow.js": {"path":"C:\\Github\\TaskMasters\\client\\src\\ChatWindow.js","statementMap":{"0":{"start":{"line":4,"column":16},"end":{"line":4,"column":73}},"1":{"start":{"line":5,"column":0},"end":{"line":5,"column":40}},"2":{"start":{"line":8,"column":34},"end":{"line":8,"column":46}},"3":{"start":{"line":9,"column":38},"end":{"line":9,"column":50}},"4":{"start":{"line":10,"column":36},"end":{"line":10,"column":51}},"5":{"start":{"line":11,"column":25},"end":{"line":11,"column":37}},"6":{"start":{"line":14,"column":23},"end":{"line":33,"column":26}},"7":{"start":{"line":15,"column":4},"end":{"line":32,"column":5}},"8":{"start":{"line":16,"column":23},"end":{"line":16,"column":81}},"9":{"start":{"line":17,"column":6},"end":{"line":17,"column":67}},"10":{"start":{"line":17,"column":24},"end":{"line":17,"column":67}},"11":{"start":{"line":18,"column":19},"end":{"line":18,"column":40}},"12":{"start":{"line":19,"column":6},"end":{"line":19,"column":24}},"13":{"start":{"line":22,"column":6},"end":{"line":29,"column":9}},"14":{"start":{"line":31,"column":6},"end":{"line":31,"column":54}},"15":{"start":{"line":35,"column":2},"end":{"line":39,"column":21}},"16":{"start":{"line":36,"column":4},"end":{"line":36,"column":19}},"17":{"start":{"line":37,"column":21},"end":{"line":37,"column":52}},"18":{"start":{"line":38,"column":4},"end":{"line":38,"column":41}},"19":{"start":{"line":38,"column":17},"end":{"line":38,"column":40}},"20":{"start":{"line":41,"column":2},"end":{"line":43,"column":17}},"21":{"start":{"line":42,"column":4},"end":{"line":42,"column":67}},"22":{"start":{"line":46,"column":28},"end":{"line":96,"column":1}},"23":{"start":{"line":47,"column":2},"end":{"line":47,"column":21}},"24":{"start":{"line":48,"column":2},"end":{"line":48,"column":46}},"25":{"start":{"line":48,"column":39},"end":{"line":48,"column":46}},"26":{"start":{"line":50,"column":2},"end":{"line":54,"column":5}},"27":{"start":{"line":56,"column":2},"end":{"line":56,"column":21}},"28":{"start":{"line":57,"column":2},"end":{"line":95,"column":3}},"29":{"start":{"line":58,"column":21},"end":{"line":69,"column":6}},"30":{"start":{"line":71,"column":4},"end":{"line":71,"column":53}},"31":{"start":{"line":73,"column":4},"end":{"line":77,"column":5}},"32":{"start":{"line":74,"column":24},"end":{"line":74,"column":45}},"33":{"start":{"line":75,"column":6},"end":{"line":75,"column":57}},"34":{"start":{"line":76,"column":6},"end":{"line":76,"column":61}},"35":{"start":{"line":79,"column":17},"end":{"line":79,"column":38}},"36":{"start":{"line":80,"column":4},"end":{"line":80,"column":47}},"37":{"start":{"line":82,"column":4},"end":{"line":82,"column":22}},"38":{"start":{"line":83,"column":4},"end":{"line":86,"column":8}},"39":{"start":{"line":83,"column":24},"end":{"line":86,"column":6}},"40":{"start":{"line":88,"column":4},"end":{"line":91,"column":7}},"41":{"start":{"line":92,"column":4},"end":{"line":92,"column":54}},"42":{"start":{"line":94,"column":4},"end":{"line":94,"column":24}},"43":{"start":{"line":98,"column":2},"end":{"line":147,"column":4}},"44":{"start":{"line":104,"column":12},"end":{"line":104,"column":32}},"45":{"start":{"line":105,"column":12},"end":{"line":105,"column":40}},"46":{"start":{"line":106,"column":12},"end":{"line":106,"column":22}},"47":{"start":{"line":117,"column":10},"end":{"line":125,"column":16}},"48":{"start":{"line":134,"column":27},"end":{"line":134,"column":56}}},"fnMap":{"0":{"name":"ChatWindow","decl":{"start":{"line":7,"column":9},"end":{"line":7,"column":19}},"loc":{"start":{"line":7,"column":47},"end":{"line":148,"column":1}},"line":7},"1":{"name":"(anonymous_1)","decl":{"start":{"line":14,"column":35},"end":{"line":14,"column":36}},"loc":{"start":{"line":14,"column":47},"end":{"line":33,"column":3}},"line":14},"2":{"name":"(anonymous_2)","decl":{"start":{"line":35,"column":12},"end":{"line":35,"column":13}},"loc":{"start":{"line":35,"column":18},"end":{"line":39,"column":3}},"line":35},"3":{"name":"(anonymous_3)","decl":{"start":{"line":38,"column":11},"end":{"line":38,"column":12}},"loc":{"start":{"line":38,"column":17},"end":{"line":38,"column":40}},"line":38},"4":{"name":"(anonymous_4)","decl":{"start":{"line":41,"column":12},"end":{"line":41,"column":13}},"loc":{"start":{"line":41,"column":18},"end":{"line":43,"column":3}},"line":41},"5":{"name":"(anonymous_5)","decl":{"start":{"line":46,"column":28},"end":{"line":46,"column":29}},"loc":{"start":{"line":46,"column":41},"end":{"line":96,"column":1}},"line":46},"6":{"name":"(anonymous_6)","decl":{"start":{"line":83,"column":16},"end":{"line":83,"column":17}},"loc":{"start":{"line":83,"column":24},"end":{"line":86,"column":6}},"line":83},"7":{"name":"(anonymous_7)","decl":{"start":{"line":103,"column":19},"end":{"line":103,"column":20}},"loc":{"start":{"line":103,"column":26},"end":{"line":107,"column":11}},"line":103},"8":{"name":"(anonymous_8)","decl":{"start":{"line":116,"column":22},"end":{"line":116,"column":23}},"loc":{"start":{"line":117,"column":10},"end":{"line":125,"column":16}},"line":117},"9":{"name":"(anonymous_9)","decl":{"start":{"line":134,"column":20},"end":{"line":134,"column":21}},"loc":{"start":{"line":134,"column":27},"end":{"line":134,"column":56}},"line":134}},"branchMap":{"0":{"loc":{"start":{"line":4,"column":16},"end":{"line":4,"column":73}},"type":"binary-expr","locations":[{"start":{"line":4,"column":16},"end":{"line":4,"column":45}},{"start":{"line":4,"column":49},"end":{"line":4,"column":73}}],"line":4},"1":{"loc":{"start":{"line":17,"column":6},"end":{"line":17,"column":67}},"type":"if","locations":[{"start":{"line":17,"column":6},"end":{"line":17,"column":67}},{"start":{},"end":{}}],"line":17},"2":{"loc":{"start":{"line":48,"column":2},"end":{"line":48,"column":46}},"type":"if","locations":[{"start":{"line":48,"column":2},"end":{"line":48,"column":46}},{"start":{},"end":{}}],"line":48},"3":{"loc":{"start":{"line":48,"column":6},"end":{"line":48,"column":37}},"type":"binary-expr","locations":[{"start":{"line":48,"column":6},"end":{"line":48,"column":24}},{"start":{"line":48,"column":28},"end":{"line":48,"column":37}}],"line":48},"4":{"loc":{"start":{"line":73,"column":4},"end":{"line":77,"column":5}},"type":"if","locations":[{"start":{"line":73,"column":4},"end":{"line":77,"column":5}},{"start":{},"end":{}}],"line":73},"5":{"loc":{"start":{"line":76,"column":22},"end":{"line":76,"column":59}},"type":"binary-expr","locations":[{"start":{"line":76,"column":22},"end":{"line":76,"column":31}},{"start":{"line":76,"column":35},"end":{"line":76,"column":59}}],"line":76},"6":{"loc":{"start":{"line":118,"column":17},"end":{"line":118,"column":40}},"type":"binary-expr","locations":[{"start":{"line":118,"column":17},"end":{"line":118,"column":23}},{"start":{"line":118,"column":27},"end":{"line":118,"column":40}}],"line":118},"7":{"loc":{"start":{"line":119,"column":34},"end":{"line":119,"column":81}},"type":"cond-expr","locations":[{"start":{"line":119,"column":62},"end":{"line":119,"column":68}},{"start":{"line":119,"column":71},"end":{"line":119,"column":81}}],"line":119},"8":{"loc":{"start":{"line":140,"column":20},"end":{"line":140,"column":51}},"type":"binary-expr","locations":[{"start":{"line":140,"column":20},"end":{"line":140,"column":29}},{"start":{"line":140,"column":33},"end":{"line":140,"column":51}}],"line":140},"9":{"loc":{"start":{"line":141,"column":21},"end":{"line":141,"column":47}},"type":"cond-expr","locations":[{"start":{"line":141,"column":33},"end":{"line":141,"column":42}},{"start":{"line":141,"column":45},"end":{"line":141,"column":47}}],"line":141},"10":{"loc":{"start":{"line":143,"column":11},"end":{"line":143,"column":44}},"type":"cond-expr","locations":[{"start":{"line":143,"column":23},"end":{"line":143,"column":35}},{"start":{"line":143,"column":38},"end":{"line":143,"column":44}}],"line":143}},"s":{"0":3,"1":3,"2":19,"3":19,"4":19,"5":19,"6":19,"7":9,"8":9,"9":9,"10":1,"11":8,"12":7,"13":7,"14":2,"15":19,"16":9,"17":9,"18":9,"19":9,"20":19,"21":13,"22":19,"23":2,"24":2,"25":0,"26":2,"27":2,"28":2,"29":2,"30":2,"31":2,"32":1,"33":1,"34":1,"35":1,"36":1,"37":1,"38":1,"39":0,"40":1,"41":1,"42":2,"43":19,"44":1,"45":1,"46":1,"47":2,"48":3},"f":{"0":19,"1":9,"2":9,"3":9,"4":13,"5":2,"6":0,"7":1,"8":2,"9":3},"b":{"0":[3,3],"1":[1,8],"2":[0,2],"3":[2,2],"4":[1,1],"5":[1,0],"6":[2,0],"7":[1,1],"8":[19,17],"9":[2,17],"10":[2,17]},"_coverageSchema":"1a1c01bbd47fc00a2c39e90264f33305004495a9","hash":"5f6517a84aebcd445cfa83af7c752109ea4f51cc"}
,"C:\\Github\\TaskMasters\\client\\src\\FriendRequests.js": {"path":"C:\\Github\\TaskMasters\\client\\src\\FriendRequests.js","statementMap":{"0":{"start":{"line":5,"column":16},"end":{"line":5,"column":73}},"1":{"start":{"line":6,"column":0},"end":{"line":6,"column":40}},"2":{"start":{"line":8,"column":0},"end":{"line":17,"column":2}},"3":{"start":{"line":29,"column":40},"end":{"line":29,"column":52}},"4":{"start":{"line":30,"column":44},"end":{"line":30,"column":56}},"5":{"start":{"line":31,"column":40},"end":{"line":31,"column":55}},"6":{"start":{"line":34,"column":21},"end":{"line":63,"column":1}},"7":{"start":{"line":35,"column":2},"end":{"line":35,"column":21}},"8":{"start":{"line":36,"column":2},"end":{"line":36,"column":34}},"9":{"start":{"line":36,"column":27},"end":{"line":36,"column":34}},"10":{"start":{"line":38,"column":2},"end":{"line":38,"column":23}},"11":{"start":{"line":39,"column":2},"end":{"line":62,"column":3}},"12":{"start":{"line":40,"column":21},"end":{"line":42,"column":3}},"13":{"start":{"line":45,"column":24},"end":{"line":45,"column":60}},"14":{"start":{"line":46,"column":4},"end":{"line":48,"column":5}},"15":{"start":{"line":47,"column":6},"end":{"line":47,"column":59}},"16":{"start":{"line":50,"column":17},"end":{"line":50,"column":38}},"17":{"start":{"line":51,"column":4},"end":{"line":55,"column":5}},"18":{"start":{"line":52,"column":6},"end":{"line":52,"column":29}},"19":{"start":{"line":54,"column":6},"end":{"line":54,"column":61}},"20":{"start":{"line":57,"column":4},"end":{"line":57,"column":42}},"21":{"start":{"line":58,"column":4},"end":{"line":58,"column":40}},"22":{"start":{"line":59,"column":4},"end":{"line":59,"column":25}},"23":{"start":{"line":61,"column":4},"end":{"line":61,"column":26}},"24":{"start":{"line":66,"column":32},"end":{"line":80,"column":1}},"25":{"start":{"line":67,"column":2},"end":{"line":79,"column":3}},"26":{"start":{"line":68,"column":4},"end":{"line":68,"column":40}},"27":{"start":{"line":69,"column":4},"end":{"line":69,"column":23}},"28":{"start":{"line":70,"column":4},"end":{"line":70,"column":25}},"29":{"start":{"line":71,"column":4},"end":{"line":71,"column":66}},"30":{"start":{"line":74,"column":4},"end":{"line":74,"column":59}},"31":{"start":{"line":74,"column":33},"end":{"line":74,"column":57}},"32":{"start":{"line":75,"column":4},"end":{"line":75,"column":31}},"33":{"start":{"line":77,"column":4},"end":{"line":77,"column":52}},"34":{"start":{"line":78,"column":4},"end":{"line":78,"column":75}},"35":{"start":{"line":83,"column":2},"end":{"line":249,"column":4}},"36":{"start":{"line":100,"column":31},"end":{"line":100,"column":61}},"37":{"start":{"line":121,"column":16},"end":{"line":134,"column":22}},"38":{"start":{"line":127,"column":35},"end":{"line":127,"column":73}},"39":{"start":{"line":166,"column":14},"end":{"line":195,"column":20}},"40":{"start":{"line":181,"column":35},"end":{"line":181,"column":68}},"41":{"start":{"line":188,"column":35},"end":{"line":188,"column":69}},"42":{"start":{"line":226,"column":14},"end":{"line":243,"column":20}}},"fnMap":{"0":{"name":"FriendRequests","decl":{"start":{"line":19,"column":9},"end":{"line":19,"column":23}},"loc":{"start":{"line":28,"column":3},"end":{"line":250,"column":1}},"line":28},"1":{"name":"(anonymous_1)","decl":{"start":{"line":34,"column":21},"end":{"line":34,"column":22}},"loc":{"start":{"line":34,"column":34},"end":{"line":63,"column":1}},"line":34},"2":{"name":"(anonymous_2)","decl":{"start":{"line":66,"column":32},"end":{"line":66,"column":33}},"loc":{"start":{"line":66,"column":52},"end":{"line":80,"column":1}},"line":66},"3":{"name":"(anonymous_3)","decl":{"start":{"line":74,"column":22},"end":{"line":74,"column":23}},"loc":{"start":{"line":74,"column":33},"end":{"line":74,"column":57}},"line":74},"4":{"name":"(anonymous_4)","decl":{"start":{"line":100,"column":24},"end":{"line":100,"column":25}},"loc":{"start":{"line":100,"column":31},"end":{"line":100,"column":61}},"line":100},"5":{"name":"(anonymous_5)","decl":{"start":{"line":120,"column":33},"end":{"line":120,"column":34}},"loc":{"start":{"line":121,"column":16},"end":{"line":134,"column":22}},"line":121},"6":{"name":"(anonymous_6)","decl":{"start":{"line":127,"column":29},"end":{"line":127,"column":30}},"loc":{"start":{"line":127,"column":35},"end":{"line":127,"column":73}},"line":127},"7":{"name":"(anonymous_7)","decl":{"start":{"line":165,"column":31},"end":{"line":165,"column":32}},"loc":{"start":{"line":166,"column":14},"end":{"line":195,"column":20}},"line":166},"8":{"name":"(anonymous_8)","decl":{"start":{"line":181,"column":29},"end":{"line":181,"column":30}},"loc":{"start":{"line":181,"column":35},"end":{"line":181,"column":68}},"line":181},"9":{"name":"(anonymous_9)","decl":{"start":{"line":188,"column":29},"end":{"line":188,"column":30}},"loc":{"start":{"line":188,"column":35},"end":{"line":188,"column":69}},"line":188},"10":{"name":"(anonymous_10)","decl":{"start":{"line":225,"column":32},"end":{"line":225,"column":33}},"loc":{"start":{"line":226,"column":14},"end":{"line":243,"column":20}},"line":226}},"branchMap":{"0":{"loc":{"start":{"line":5,"column":16},"end":{"line":5,"column":73}},"type":"binary-expr","locations":[{"start":{"line":5,"column":16},"end":{"line":5,"column":45}},{"start":{"line":5,"column":49},"end":{"line":5,"column":73}}],"line":5},"1":{"loc":{"start":{"line":36,"column":2},"end":{"line":36,"column":34}},"type":"if","locations":[{"start":{"line":36,"column":2},"end":{"line":36,"column":34}},{"start":{},"end":{}}],"line":36},"2":{"loc":{"start":{"line":46,"column":4},"end":{"line":48,"column":5}},"type":"if","locations":[{"start":{"line":46,"column":4},"end":{"line":48,"column":5}},{"start":{},"end":{}}],"line":46},"3":{"loc":{"start":{"line":46,"column":8},"end":{"line":46,"column":65}},"type":"binary-expr","locations":[{"start":{"line":46,"column":8},"end":{"line":46,"column":20}},{"start":{"line":46,"column":24},"end":{"line":46,"column":65}}],"line":46},"4":{"loc":{"start":{"line":51,"column":4},"end":{"line":55,"column":5}},"type":"if","locations":[{"start":{"line":51,"column":4},"end":{"line":55,"column":5}},{"start":{"line":53,"column":11},"end":{"line":55,"column":5}}],"line":51},"5":{"loc":{"start":{"line":54,"column":22},"end":{"line":54,"column":59}},"type":"binary-expr","locations":[{"start":{"line":54,"column":22},"end":{"line":54,"column":32}},{"start":{"line":54,"column":36},"end":{"line":54,"column":59}}],"line":54},"6":{"loc":{"start":{"line":78,"column":16},"end":{"line":78,"column":64}},"type":"binary-expr","locations":[{"start":{"line":78,"column":16},"end":{"line":78,"column":29}},{"start":{"line":78,"column":33},"end":{"line":78,"column":64}}],"line":78},"7":{"loc":{"start":{"line":110,"column":15},"end":{"line":110,"column":54}},"type":"cond-expr","locations":[{"start":{"line":110,"column":29},"end":{"line":110,"column":43}},{"start":{"line":110,"column":46},"end":{"line":110,"column":54}}],"line":110},"8":{"loc":{"start":{"line":116,"column":9},"end":{"line":138,"column":9}},"type":"binary-expr","locations":[{"start":{"line":116,"column":9},"end":{"line":116,"column":33}},{"start":{"line":117,"column":10},"end":{"line":137,"column":16}}],"line":116},"9":{"loc":{"start":{"line":147,"column":13},"end":{"line":149,"column":13}},"type":"binary-expr","locations":[{"start":{"line":147,"column":13},"end":{"line":147,"column":38}},{"start":{"line":148,"column":14},"end":{"line":148,"column":76}}],"line":147},"10":{"loc":{"start":{"line":152,"column":13},"end":{"line":154,"column":52}},"type":"cond-expr","locations":[{"start":{"line":153,"column":16},"end":{"line":153,"column":37}},{"start":{"line":154,"column":16},"end":{"line":154,"column":52}}],"line":152},"11":{"loc":{"start":{"line":159,"column":11},"end":{"line":197,"column":11}},"type":"cond-expr","locations":[{"start":{"line":160,"column":12},"end":{"line":163,"column":18}},{"start":{"line":165,"column":12},"end":{"line":196,"column":14}}],"line":159},"12":{"loc":{"start":{"line":207,"column":13},"end":{"line":209,"column":13}},"type":"binary-expr","locations":[{"start":{"line":207,"column":13},"end":{"line":207,"column":39}},{"start":{"line":208,"column":14},"end":{"line":208,"column":77}}],"line":207},"13":{"loc":{"start":{"line":212,"column":13},"end":{"line":214,"column":47}},"type":"cond-expr","locations":[{"start":{"line":213,"column":16},"end":{"line":213,"column":42}},{"start":{"line":214,"column":16},"end":{"line":214,"column":47}}],"line":212},"14":{"loc":{"start":{"line":219,"column":11},"end":{"line":245,"column":11}},"type":"cond-expr","locations":[{"start":{"line":220,"column":12},"end":{"line":223,"column":18}},{"start":{"line":225,"column":12},"end":{"line":244,"column":14}}],"line":219}},"s":{"0":2,"1":2,"2":2,"3":20,"4":20,"5":20,"6":20,"7":4,"8":4,"9":0,"10":4,"11":4,"12":4,"13":4,"14":4,"15":1,"16":3,"17":3,"18":2,"19":1,"20":2,"21":2,"22":2,"23":4,"24":20,"25":1,"26":1,"27":1,"28":1,"29":1,"30":1,"31":1,"32":1,"33":0,"34":0,"35":20,"36":4,"37":1,"38":1,"39":6,"40":1,"41":1,"42":1},"f":{"0":20,"1":4,"2":1,"3":1,"4":4,"5":1,"6":1,"7":6,"8":1,"9":1,"10":1},"b":{"0":[2,2],"1":[0,4],"2":[1,3],"3":[4,4],"4":[2,1],"5":[1,0],"6":[0,0],"7":[4,16],"8":[20,1],"9":[20,3],"10":[17,3],"11":[17,3],"12":[20,1],"13":[19,1],"14":[19,1]},"_coverageSchema":"1a1c01bbd47fc00a2c39e90264f33305004495a9","hash":"de75010d6018f68db1c3afb87a863ba43dbc6800"}
,"C:\\Github\\TaskMasters\\client\\src\\FriendSystem.js": {"path":"C:\\Github\\TaskMasters\\client\\src\\FriendSystem.js","statementMap":{"0":{"start":{"line":6,"column":16},"end":{"line":6,"column":73}},"1":{"start":{"line":7,"column":0},"end":{"line":7,"column":40}},"2":{"start":{"line":10,"column":36},"end":{"line":10,"column":55}},"3":{"start":{"line":11,"column":32},"end":{"line":11,"column":44}},"4":{"start":{"line":12,"column":46},"end":{"line":12,"column":58}},"5":{"start":{"line":13,"column":48},"end":{"line":13,"column":60}},"6":{"start":{"line":14,"column":46},"end":{"line":14,"column":61}},"7":{"start":{"line":17,"column":2},"end":{"line":22,"column":13}},"8":{"start":{"line":18,"column":4},"end":{"line":21,"column":5}},"9":{"start":{"line":19,"column":6},"end":{"line":19,"column":20}},"10":{"start":{"line":20,"column":6},"end":{"line":20,"column":27}},"11":{"start":{"line":25,"column":20},"end":{"line":54,"column":1}},"12":{"start":{"line":26,"column":2},"end":{"line":53,"column":3}},"13":{"start":{"line":27,"column":4},"end":{"line":27,"column":28}},"14":{"start":{"line":28,"column":21},"end":{"line":28,"column":65}},"15":{"start":{"line":30,"column":4},"end":{"line":30,"column":53}},"16":{"start":{"line":32,"column":4},"end":{"line":35,"column":5}},"17":{"start":{"line":33,"column":24},"end":{"line":33,"column":63}},"18":{"start":{"line":33,"column":59},"end":{"line":33,"column":61}},"19":{"start":{"line":34,"column":6},"end":{"line":34,"column":67}},"20":{"start":{"line":37,"column":17},"end":{"line":37,"column":38}},"21":{"start":{"line":38,"column":4},"end":{"line":38,"column":44}},"22":{"start":{"line":40,"column":4},"end":{"line":44,"column":9}},"23":{"start":{"line":40,"column":35},"end":{"line":44,"column":5}},"24":{"start":{"line":46,"column":4},"end":{"line":49,"column":7}},"25":{"start":{"line":50,"column":4},"end":{"line":50,"column":40}},"26":{"start":{"line":52,"column":4},"end":{"line":52,"column":29}},"27":{"start":{"line":57,"column":27},"end":{"line":87,"column":1}},"28":{"start":{"line":58,"column":2},"end":{"line":86,"column":3}},"29":{"start":{"line":59,"column":49},"end":{"line":62,"column":6}},"30":{"start":{"line":64,"column":4},"end":{"line":64,"column":82}},"31":{"start":{"line":64,"column":30},"end":{"line":64,"column":82}},"32":{"start":{"line":65,"column":4},"end":{"line":65,"column":82}},"33":{"start":{"line":65,"column":30},"end":{"line":65,"column":82}},"34":{"start":{"line":67,"column":21},"end":{"line":67,"column":50}},"35":{"start":{"line":68,"column":21},"end":{"line":68,"column":50}},"36":{"start":{"line":70,"column":4},"end":{"line":75,"column":9}},"37":{"start":{"line":70,"column":43},"end":{"line":75,"column":5}},"38":{"start":{"line":77,"column":4},"end":{"line":82,"column":9}},"39":{"start":{"line":77,"column":44},"end":{"line":82,"column":5}},"40":{"start":{"line":84,"column":4},"end":{"line":84,"column":59}},"41":{"start":{"line":85,"column":4},"end":{"line":85,"column":40}},"42":{"start":{"line":90,"column":26},"end":{"line":115,"column":1}},"43":{"start":{"line":91,"column":2},"end":{"line":114,"column":3}},"44":{"start":{"line":92,"column":21},"end":{"line":99,"column":6}},"45":{"start":{"line":101,"column":17},"end":{"line":101,"column":38}},"46":{"start":{"line":103,"column":4},"end":{"line":105,"column":5}},"47":{"start":{"line":104,"column":6},"end":{"line":104,"column":69}},"48":{"start":{"line":107,"column":4},"end":{"line":107,"column":79}},"49":{"start":{"line":109,"column":4},"end":{"line":109,"column":31}},"50":{"start":{"line":110,"column":4},"end":{"line":110,"column":29}},"51":{"start":{"line":112,"column":4},"end":{"line":112,"column":58}},"52":{"start":{"line":113,"column":4},"end":{"line":113,"column":40}},"53":{"start":{"line":119,"column":28},"end":{"line":140,"column":1}},"54":{"start":{"line":120,"column":2},"end":{"line":139,"column":3}},"55":{"start":{"line":121,"column":21},"end":{"line":125,"column":6}},"56":{"start":{"line":127,"column":4},"end":{"line":130,"column":5}},"57":{"start":{"line":128,"column":24},"end":{"line":128,"column":45}},"58":{"start":{"line":129,"column":6},"end":{"line":129,"column":76}},"59":{"start":{"line":132,"column":4},"end":{"line":132,"column":44}},"60":{"start":{"line":134,"column":4},"end":{"line":134,"column":24}},"61":{"start":{"line":135,"column":4},"end":{"line":135,"column":31}},"62":{"start":{"line":137,"column":4},"end":{"line":137,"column":60}},"63":{"start":{"line":138,"column":4},"end":{"line":138,"column":40}},"64":{"start":{"line":143,"column":31},"end":{"line":159,"column":3}},"65":{"start":{"line":144,"column":4},"end":{"line":158,"column":5}},"66":{"start":{"line":145,"column":23},"end":{"line":147,"column":8}},"67":{"start":{"line":149,"column":6},"end":{"line":154,"column":7}},"68":{"start":{"line":150,"column":8},"end":{"line":150,"column":47}},"69":{"start":{"line":151,"column":8},"end":{"line":151,"column":29}},"70":{"start":{"line":153,"column":8},"end":{"line":153,"column":65}},"71":{"start":{"line":156,"column":6},"end":{"line":156,"column":62}},"72":{"start":{"line":157,"column":6},"end":{"line":157,"column":61}},"73":{"start":{"line":162,"column":23},"end":{"line":182,"column":3}},"74":{"start":{"line":163,"column":4},"end":{"line":165,"column":5}},"75":{"start":{"line":164,"column":6},"end":{"line":164,"column":13}},"76":{"start":{"line":167,"column":4},"end":{"line":181,"column":5}},"77":{"start":{"line":168,"column":23},"end":{"line":170,"column":8}},"78":{"start":{"line":172,"column":6},"end":{"line":177,"column":7}},"79":{"start":{"line":173,"column":8},"end":{"line":173,"column":51}},"80":{"start":{"line":174,"column":8},"end":{"line":174,"column":22}},"81":{"start":{"line":176,"column":8},"end":{"line":176,"column":56}},"82":{"start":{"line":179,"column":6},"end":{"line":179,"column":52}},"83":{"start":{"line":180,"column":6},"end":{"line":180,"column":52}},"84":{"start":{"line":184,"column":2},"end":{"line":250,"column":4}},"85":{"start":{"line":197,"column":25},"end":{"line":197,"column":48}},"86":{"start":{"line":208,"column":25},"end":{"line":208,"column":49}}},"fnMap":{"0":{"name":"FriendSystem","decl":{"start":{"line":9,"column":9},"end":{"line":9,"column":21}},"loc":{"start":{"line":9,"column":45},"end":{"line":251,"column":1}},"line":9},"1":{"name":"(anonymous_1)","decl":{"start":{"line":17,"column":12},"end":{"line":17,"column":13}},"loc":{"start":{"line":17,"column":18},"end":{"line":22,"column":3}},"line":17},"2":{"name":"(anonymous_2)","decl":{"start":{"line":25,"column":20},"end":{"line":25,"column":21}},"loc":{"start":{"line":25,"column":32},"end":{"line":54,"column":1}},"line":25},"3":{"name":"(anonymous_3)","decl":{"start":{"line":33,"column":52},"end":{"line":33,"column":53}},"loc":{"start":{"line":33,"column":59},"end":{"line":33,"column":61}},"line":33},"4":{"name":"(anonymous_4)","decl":{"start":{"line":40,"column":24},"end":{"line":40,"column":25}},"loc":{"start":{"line":40,"column":35},"end":{"line":44,"column":5}},"line":40},"5":{"name":"(anonymous_5)","decl":{"start":{"line":57,"column":27},"end":{"line":57,"column":28}},"loc":{"start":{"line":57,"column":39},"end":{"line":87,"column":1}},"line":57},"6":{"name":"(anonymous_6)","decl":{"start":{"line":70,"column":35},"end":{"line":70,"column":36}},"loc":{"start":{"line":70,"column":43},"end":{"line":75,"column":5}},"line":70},"7":{"name":"(anonymous_7)","decl":{"start":{"line":77,"column":36},"end":{"line":77,"column":37}},"loc":{"start":{"line":77,"column":44},"end":{"line":82,"column":5}},"line":77},"8":{"name":"(anonymous_8)","decl":{"start":{"line":90,"column":26},"end":{"line":90,"column":27}},"loc":{"start":{"line":90,"column":46},"end":{"line":115,"column":1}},"line":90},"9":{"name":"(anonymous_9)","decl":{"start":{"line":119,"column":28},"end":{"line":119,"column":29}},"loc":{"start":{"line":119,"column":49},"end":{"line":140,"column":1}},"line":119},"10":{"name":"(anonymous_10)","decl":{"start":{"line":143,"column":31},"end":{"line":143,"column":32}},"loc":{"start":{"line":143,"column":52},"end":{"line":159,"column":3}},"line":143},"11":{"name":"(anonymous_11)","decl":{"start":{"line":162,"column":23},"end":{"line":162,"column":24}},"loc":{"start":{"line":162,"column":43},"end":{"line":182,"column":3}},"line":162},"12":{"name":"(anonymous_12)","decl":{"start":{"line":197,"column":19},"end":{"line":197,"column":20}},"loc":{"start":{"line":197,"column":25},"end":{"line":197,"column":48}},"line":197},"13":{"name":"(anonymous_13)","decl":{"start":{"line":208,"column":19},"end":{"line":208,"column":20}},"loc":{"start":{"line":208,"column":25},"end":{"line":208,"column":49}},"line":208}},"branchMap":{"0":{"loc":{"start":{"line":6,"column":16},"end":{"line":6,"column":73}},"type":"binary-expr","locations":[{"start":{"line":6,"column":16},"end":{"line":6,"column":45}},{"start":{"line":6,"column":49},"end":{"line":6,"column":73}}],"line":6},"1":{"loc":{"start":{"line":18,"column":4},"end":{"line":21,"column":5}},"type":"if","locations":[{"start":{"line":18,"column":4},"end":{"line":21,"column":5}},{"start":{},"end":{}}],"line":18},"2":{"loc":{"start":{"line":32,"column":4},"end":{"line":35,"column":5}},"type":"if","locations":[{"start":{"line":32,"column":4},"end":{"line":35,"column":5}},{"start":{},"end":{}}],"line":32},"3":{"loc":{"start":{"line":34,"column":22},"end":{"line":34,"column":65}},"type":"binary-expr","locations":[{"start":{"line":34,"column":22},"end":{"line":34,"column":37}},{"start":{"line":34,"column":41},"end":{"line":34,"column":65}}],"line":34},"4":{"loc":{"start":{"line":43,"column":20},"end":{"line":43,"column":67}},"type":"binary-expr","locations":[{"start":{"line":43,"column":20},"end":{"line":43,"column":39}},{"start":{"line":43,"column":43},"end":{"line":43,"column":67}}],"line":43},"5":{"loc":{"start":{"line":64,"column":4},"end":{"line":64,"column":82}},"type":"if","locations":[{"start":{"line":64,"column":4},"end":{"line":64,"column":82}},{"start":{},"end":{}}],"line":64},"6":{"loc":{"start":{"line":65,"column":4},"end":{"line":65,"column":82}},"type":"if","locations":[{"start":{"line":65,"column":4},"end":{"line":65,"column":82}},{"start":{},"end":{}}],"line":65},"7":{"loc":{"start":{"line":103,"column":4},"end":{"line":105,"column":5}},"type":"if","locations":[{"start":{"line":103,"column":4},"end":{"line":105,"column":5}},{"start":{},"end":{}}],"line":103},"8":{"loc":{"start":{"line":104,"column":22},"end":{"line":104,"column":67}},"type":"binary-expr","locations":[{"start":{"line":104,"column":22},"end":{"line":104,"column":32}},{"start":{"line":104,"column":36},"end":{"line":104,"column":67}}],"line":104},"9":{"loc":{"start":{"line":127,"column":4},"end":{"line":130,"column":5}},"type":"if","locations":[{"start":{"line":127,"column":4},"end":{"line":130,"column":5}},{"start":{},"end":{}}],"line":127},"10":{"loc":{"start":{"line":129,"column":22},"end":{"line":129,"column":74}},"type":"binary-expr","locations":[{"start":{"line":129,"column":22},"end":{"line":129,"column":37}},{"start":{"line":129,"column":41},"end":{"line":129,"column":74}}],"line":129},"11":{"loc":{"start":{"line":149,"column":6},"end":{"line":154,"column":7}},"type":"if","locations":[{"start":{"line":149,"column":6},"end":{"line":154,"column":7}},{"start":{"line":152,"column":13},"end":{"line":154,"column":7}}],"line":149},"12":{"loc":{"start":{"line":163,"column":4},"end":{"line":165,"column":5}},"type":"if","locations":[{"start":{"line":163,"column":4},"end":{"line":165,"column":5}},{"start":{},"end":{}}],"line":163},"13":{"loc":{"start":{"line":172,"column":6},"end":{"line":177,"column":7}},"type":"if","locations":[{"start":{"line":172,"column":6},"end":{"line":177,"column":7}},{"start":{"line":175,"column":13},"end":{"line":177,"column":7}}],"line":172},"14":{"loc":{"start":{"line":198,"column":35},"end":{"line":198,"column":74}},"type":"cond-expr","locations":[{"start":{"line":198,"column":61},"end":{"line":198,"column":69}},{"start":{"line":198,"column":72},"end":{"line":198,"column":74}}],"line":198},"15":{"loc":{"start":{"line":202,"column":11},"end":{"line":204,"column":11}},"type":"binary-expr","locations":[{"start":{"line":202,"column":11},"end":{"line":202,"column":29}},{"start":{"line":203,"column":12},"end":{"line":203,"column":63}}],"line":202},"16":{"loc":{"start":{"line":209,"column":35},"end":{"line":209,"column":75}},"type":"cond-expr","locations":[{"start":{"line":209,"column":62},"end":{"line":209,"column":70}},{"start":{"line":209,"column":73},"end":{"line":209,"column":75}}],"line":209},"17":{"loc":{"start":{"line":213,"column":11},"end":{"line":215,"column":11}},"type":"binary-expr","locations":[{"start":{"line":213,"column":11},"end":{"line":213,"column":36}},{"start":{"line":214,"column":12},"end":{"line":214,"column":77}}],"line":213},"18":{"loc":{"start":{"line":221,"column":9},"end":{"line":232,"column":9}},"type":"binary-expr","locations":[{"start":{"line":221,"column":9},"end":{"line":221,"column":32}},{"start":{"line":222,"column":10},"end":{"line":231,"column":16}}],"line":221},"19":{"loc":{"start":{"line":234,"column":9},"end":{"line":247,"column":9}},"type":"binary-expr","locations":[{"start":{"line":234,"column":9},"end":{"line":234,"column":33}},{"start":{"line":235,"column":10},"end":{"line":246,"column":16}}],"line":234}},"s":{"0":1,"1":1,"2":0,"3":0,"4":0,"5":0,"6":0,"7":0,"8":0,"9":0,"10":0,"11":0,"12":0,"13":0,"14":0,"15":0,"16":0,"17":0,"18":0,"19":0,"20":0,"21":0,"22":0,"23":0,"24":0,"25":0,"26":0,"27":0,"28":0,"29":0,"30":0,"31":0,"32":0,"33":0,"34":0,"35":0,"36":0,"37":0,"38":0,"39":0,"40":0,"41":0,"42":0,"43":0,"44":0,"45":0,"46":0,"47":0,"48":0,"49":0,"50":0,"51":0,"52":0,"53":0,"54":0,"55":0,"56":0,"57":0,"58":0,"59":0,"60":0,"61":0,"62":0,"63":0,"64":0,"65":0,"66":0,"67":0,"68":0,"69":0,"70":0,"71":0,"72":0,"73":0,"74":0,"75":0,"76":0,"77":0,"78":0,"79":0,"80":0,"81":0,"82":0,"83":0,"84":0,"85":0,"86":0},"f":{"0":0,"1":0,"2":0,"3":0,"4":0,"5":0,"6":0,"7":0,"8":0,"9":0,"10":0,"11":0,"12":0,"13":0},"b":{"0":[1,1],"1":[0,0],"2":[0,0],"3":[0,0],"4":[0,0],"5":[0,0],"6":[0,0],"7":[0,0],"8":[0,0],"9":[0,0],"10":[0,0],"11":[0,0],"12":[0,0],"13":[0,0],"14":[0,0],"15":[0,0],"16":[0,0],"17":[0,0],"18":[0,0],"19":[0,0]},"_coverageSchema":"1a1c01bbd47fc00a2c39e90264f33305004495a9","hash":"0c8e95a9b75fac51d4650d2459322e849293865e"}
,"C:\\Github\\TaskMasters\\client\\src\\FriendsList.js": {"path":"C:\\Github\\TaskMasters\\client\\src\\FriendsList.js","statementMap":{"0":{"start":{"line":13,"column":2},"end":{"line":13,"column":45}},"1":{"start":{"line":14,"column":2},"end":{"line":87,"column":4}},"2":{"start":{"line":49,"column":14},"end":{"line":81,"column":20}},"3":{"start":{"line":73,"column":35},"end":{"line":73,"column":60}}},"fnMap":{"0":{"name":"FriendsList","decl":{"start":{"line":5,"column":9},"end":{"line":5,"column":20}},"loc":{"start":{"line":12,"column":3},"end":{"line":88,"column":1}},"line":12},"1":{"name":"(anonymous_1)","decl":{"start":{"line":48,"column":25},"end":{"line":48,"column":26}},"loc":{"start":{"line":49,"column":14},"end":{"line":81,"column":20}},"line":49},"2":{"name":"(anonymous_2)","decl":{"start":{"line":73,"column":29},"end":{"line":73,"column":30}},"loc":{"start":{"line":73,"column":35},"end":{"line":73,"column":60}},"line":73}},"branchMap":{"0":{"loc":{"start":{"line":22,"column":9},"end":{"line":26,"column":9}},"type":"binary-expr","locations":[{"start":{"line":22,"column":9},"end":{"line":22,"column":27}},{"start":{"line":23,"column":10},"end":{"line":25,"column":14}}],"line":22},"1":{"loc":{"start":{"line":24,"column":53},"end":{"line":24,"column":84}},"type":"cond-expr","locations":[{"start":{"line":24,"column":76},"end":{"line":24,"column":79}},{"start":{"line":24,"column":82},"end":{"line":24,"column":84}}],"line":24},"2":{"loc":{"start":{"line":30,"column":9},"end":{"line":84,"column":9}},"type":"cond-expr","locations":[{"start":{"line":31,"column":10},"end":{"line":34,"column":16}},{"start":{"line":35,"column":12},"end":{"line":84,"column":9}}],"line":30},"3":{"loc":{"start":{"line":35,"column":12},"end":{"line":84,"column":9}},"type":"cond-expr","locations":[{"start":{"line":36,"column":10},"end":{"line":45,"column":16}},{"start":{"line":47,"column":10},"end":{"line":83,"column":16}}],"line":35}},"s":{"0":4,"1":4,"2":4,"3":1},"f":{"0":4,"1":4,"2":1},"b":{"0":[4,2],"1":[2,0],"2":[1,3],"3":[1,2]},"_coverageSchema":"1a1c01bbd47fc00a2c39e90264f33305004495a9","hash":"bd329a66a176afd60f9dc05638c7c4f01945aa29"}
,"C:\\Github\\TaskMasters\\client\\src\\Login.js": {"path":"C:\\Github\\TaskMasters\\client\\src\\Login.js","statementMap":{"0":{"start":{"line":2,"column":14},"end":{"line":2,"column":71}},"1":{"start":{"line":3,"column":0},"end":{"line":3,"column":33}},"2":{"start":{"line":6,"column":34},"end":{"line":6,"column":46}},"3":{"start":{"line":7,"column":34},"end":{"line":7,"column":46}},"4":{"start":{"line":8,"column":48},"end":{"line":8,"column":60}},"5":{"start":{"line":9,"column":44},"end":{"line":9,"column":59}},"6":{"start":{"line":10,"column":32},"end":{"line":10,"column":47}},"7":{"start":{"line":11,"column":30},"end":{"line":11,"column":42}},"8":{"start":{"line":12,"column":32},"end":{"line":12,"column":44}},"9":{"start":{"line":13,"column":42},"end":{"line":13,"column":57}},"10":{"start":{"line":16,"column":23},"end":{"line":45,"column":3}},"11":{"start":{"line":17,"column":22},"end":{"line":17,"column":24}},"12":{"start":{"line":19,"column":4},"end":{"line":25,"column":5}},"13":{"start":{"line":20,"column":6},"end":{"line":20,"column":50}},"14":{"start":{"line":21,"column":11},"end":{"line":25,"column":5}},"15":{"start":{"line":22,"column":6},"end":{"line":22,"column":68}},"16":{"start":{"line":23,"column":11},"end":{"line":25,"column":5}},"17":{"start":{"line":24,"column":6},"end":{"line":24,"column":89}},"18":{"start":{"line":27,"column":4},"end":{"line":33,"column":5}},"19":{"start":{"line":28,"column":6},"end":{"line":28,"column":50}},"20":{"start":{"line":29,"column":11},"end":{"line":33,"column":5}},"21":{"start":{"line":30,"column":6},"end":{"line":30,"column":68}},"22":{"start":{"line":31,"column":11},"end":{"line":33,"column":5}},"23":{"start":{"line":32,"column":6},"end":{"line":32,"column":119}},"24":{"start":{"line":35,"column":4},"end":{"line":41,"column":5}},"25":{"start":{"line":36,"column":6},"end":{"line":40,"column":7}},"26":{"start":{"line":37,"column":8},"end":{"line":37,"column":67}},"27":{"start":{"line":38,"column":13},"end":{"line":40,"column":7}},"28":{"start":{"line":39,"column":8},"end":{"line":39,"column":61}},"29":{"start":{"line":43,"column":4},"end":{"line":43,"column":25}},"30":{"start":{"line":44,"column":4},"end":{"line":44,"column":47}},"31":{"start":{"line":48,"column":23},"end":{"line":91,"column":3}},"32":{"start":{"line":49,"column":4},"end":{"line":49,"column":23}},"33":{"start":{"line":51,"column":4},"end":{"line":53,"column":5}},"34":{"start":{"line":52,"column":6},"end":{"line":52,"column":13}},"35":{"start":{"line":55,"column":4},"end":{"line":55,"column":21}},"36":{"start":{"line":56,"column":4},"end":{"line":56,"column":19}},"37":{"start":{"line":58,"column":21},"end":{"line":58,"column":59}},"38":{"start":{"line":60,"column":4},"end":{"line":90,"column":5}},"39":{"start":{"line":61,"column":23},"end":{"line":68,"column":8}},"40":{"start":{"line":70,"column":19},"end":{"line":70,"column":40}},"41":{"start":{"line":72,"column":6},"end":{"line":74,"column":7}},"42":{"start":{"line":73,"column":8},"end":{"line":73,"column":56}},"43":{"start":{"line":76,"column":6},"end":{"line":84,"column":7}},"44":{"start":{"line":77,"column":8},"end":{"line":77,"column":83}},"45":{"start":{"line":78,"column":8},"end":{"line":78,"column":32}},"46":{"start":{"line":79,"column":8},"end":{"line":79,"column":24}},"47":{"start":{"line":80,"column":8},"end":{"line":80,"column":31}},"48":{"start":{"line":81,"column":8},"end":{"line":81,"column":22}},"49":{"start":{"line":83,"column":8},"end":{"line":83,"column":22}},"50":{"start":{"line":86,"column":6},"end":{"line":86,"column":72}},"51":{"start":{"line":87,"column":6},"end":{"line":87,"column":40}},"52":{"start":{"line":89,"column":6},"end":{"line":89,"column":24}},"53":{"start":{"line":94,"column":28},"end":{"line":115,"column":3}},"54":{"start":{"line":95,"column":4},"end":{"line":114,"column":5}},"55":{"start":{"line":97,"column":8},"end":{"line":97,"column":27}},"56":{"start":{"line":98,"column":8},"end":{"line":100,"column":9}},"57":{"start":{"line":99,"column":10},"end":{"line":99,"column":57}},"58":{"start":{"line":99,"column":29},"end":{"line":99,"column":54}},"59":{"start":{"line":101,"column":8},"end":{"line":101,"column":14}},"60":{"start":{"line":103,"column":8},"end":{"line":103,"column":27}},"61":{"start":{"line":104,"column":8},"end":{"line":106,"column":9}},"62":{"start":{"line":105,"column":10},"end":{"line":105,"column":57}},"63":{"start":{"line":105,"column":29},"end":{"line":105,"column":54}},"64":{"start":{"line":107,"column":8},"end":{"line":107,"column":14}},"65":{"start":{"line":109,"column":8},"end":{"line":109,"column":34}},"66":{"start":{"line":110,"column":8},"end":{"line":112,"column":9}},"67":{"start":{"line":111,"column":10},"end":{"line":111,"column":64}},"68":{"start":{"line":111,"column":29},"end":{"line":111,"column":61}},"69":{"start":{"line":113,"column":8},"end":{"line":113,"column":14}},"70":{"start":{"line":118,"column":21},"end":{"line":124,"column":3}},"71":{"start":{"line":119,"column":4},"end":{"line":119,"column":37}},"72":{"start":{"line":120,"column":4},"end":{"line":120,"column":18}},"73":{"start":{"line":121,"column":4},"end":{"line":121,"column":19}},"74":{"start":{"line":122,"column":4},"end":{"line":122,"column":20}},"75":{"start":{"line":123,"column":4},"end":{"line":123,"column":27}},"76":{"start":{"line":127,"column":25},"end":{"line":131,"column":3}},"77":{"start":{"line":128,"column":4},"end":{"line":130,"column":5}},"78":{"start":{"line":129,"column":6},"end":{"line":129,"column":22}},"79":{"start":{"line":133,"column":2},"end":{"line":256,"column":4}},"80":{"start":{"line":161,"column":27},"end":{"line":161,"column":72}},"81":{"start":{"line":174,"column":29},"end":{"line":174,"column":74}},"82":{"start":{"line":180,"column":29},"end":{"line":180,"column":59}},"83":{"start":{"line":213,"column":29},"end":{"line":213,"column":81}}},"fnMap":{"0":{"name":"Login","decl":{"start":{"line":5,"column":9},"end":{"line":5,"column":14}},"loc":{"start":{"line":5,"column":28},"end":{"line":257,"column":1}},"line":5},"1":{"name":"(anonymous_1)","decl":{"start":{"line":16,"column":23},"end":{"line":16,"column":24}},"loc":{"start":{"line":16,"column":29},"end":{"line":45,"column":3}},"line":16},"2":{"name":"(anonymous_2)","decl":{"start":{"line":48,"column":23},"end":{"line":48,"column":24}},"loc":{"start":{"line":48,"column":36},"end":{"line":91,"column":3}},"line":48},"3":{"name":"(anonymous_3)","decl":{"start":{"line":94,"column":28},"end":{"line":94,"column":29}},"loc":{"start":{"line":94,"column":46},"end":{"line":115,"column":3}},"line":94},"4":{"name":"(anonymous_4)","decl":{"start":{"line":99,"column":20},"end":{"line":99,"column":21}},"loc":{"start":{"line":99,"column":29},"end":{"line":99,"column":54}},"line":99},"5":{"name":"(anonymous_5)","decl":{"start":{"line":105,"column":20},"end":{"line":105,"column":21}},"loc":{"start":{"line":105,"column":29},"end":{"line":105,"column":54}},"line":105},"6":{"name":"(anonymous_6)","decl":{"start":{"line":111,"column":20},"end":{"line":111,"column":21}},"loc":{"start":{"line":111,"column":29},"end":{"line":111,"column":61}},"line":111},"7":{"name":"(anonymous_7)","decl":{"start":{"line":118,"column":21},"end":{"line":118,"column":22}},"loc":{"start":{"line":118,"column":27},"end":{"line":124,"column":3}},"line":118},"8":{"name":"(anonymous_8)","decl":{"start":{"line":127,"column":25},"end":{"line":127,"column":26}},"loc":{"start":{"line":127,"column":32},"end":{"line":131,"column":3}},"line":127},"9":{"name":"(anonymous_9)","decl":{"start":{"line":161,"column":22},"end":{"line":161,"column":23}},"loc":{"start":{"line":161,"column":27},"end":{"line":161,"column":72}},"line":161},"10":{"name":"(anonymous_10)","decl":{"start":{"line":174,"column":24},"end":{"line":174,"column":25}},"loc":{"start":{"line":174,"column":29},"end":{"line":174,"column":74}},"line":174},"11":{"name":"(anonymous_11)","decl":{"start":{"line":180,"column":23},"end":{"line":180,"column":24}},"loc":{"start":{"line":180,"column":29},"end":{"line":180,"column":59}},"line":180},"12":{"name":"(anonymous_12)","decl":{"start":{"line":213,"column":24},"end":{"line":213,"column":25}},"loc":{"start":{"line":213,"column":29},"end":{"line":213,"column":81}},"line":213}},"branchMap":{"0":{"loc":{"start":{"line":2,"column":14},"end":{"line":2,"column":71}},"type":"binary-expr","locations":[{"start":{"line":2,"column":14},"end":{"line":2,"column":43}},{"start":{"line":2,"column":47},"end":{"line":2,"column":71}}],"line":2},"1":{"loc":{"start":{"line":19,"column":4},"end":{"line":25,"column":5}},"type":"if","locations":[{"start":{"line":19,"column":4},"end":{"line":25,"column":5}},{"start":{"line":21,"column":11},"end":{"line":25,"column":5}}],"line":19},"2":{"loc":{"start":{"line":21,"column":11},"end":{"line":25,"column":5}},"type":"if","locations":[{"start":{"line":21,"column":11},"end":{"line":25,"column":5}},{"start":{"line":23,"column":11},"end":{"line":25,"column":5}}],"line":21},"3":{"loc":{"start":{"line":23,"column":11},"end":{"line":25,"column":5}},"type":"if","locations":[{"start":{"line":23,"column":11},"end":{"line":25,"column":5}},{"start":{},"end":{}}],"line":23},"4":{"loc":{"start":{"line":27,"column":4},"end":{"line":33,"column":5}},"type":"if","locations":[{"start":{"line":27,"column":4},"end":{"line":33,"column":5}},{"start":{"line":29,"column":11},"end":{"line":33,"column":5}}],"line":27},"5":{"loc":{"start":{"line":29,"column":11},"end":{"line":33,"column":5}},"type":"if","locations":[{"start":{"line":29,"column":11},"end":{"line":33,"column":5}},{"start":{"line":31,"column":11},"end":{"line":33,"column":5}}],"line":29},"6":{"loc":{"start":{"line":31,"column":11},"end":{"line":33,"column":5}},"type":"if","locations":[{"start":{"line":31,"column":11},"end":{"line":33,"column":5}},{"start":{},"end":{}}],"line":31},"7":{"loc":{"start":{"line":31,"column":15},"end":{"line":31,"column":80}},"type":"binary-expr","locations":[{"start":{"line":31,"column":15},"end":{"line":31,"column":28}},{"start":{"line":31,"column":32},"end":{"line":31,"column":80}}],"line":31},"8":{"loc":{"start":{"line":35,"column":4},"end":{"line":41,"column":5}},"type":"if","locations":[{"start":{"line":35,"column":4},"end":{"line":41,"column":5}},{"start":{},"end":{}}],"line":35},"9":{"loc":{"start":{"line":36,"column":6},"end":{"line":40,"column":7}},"type":"if","locations":[{"start":{"line":36,"column":6},"end":{"line":40,"column":7}},{"start":{"line":38,"column":13},"end":{"line":40,"column":7}}],"line":36},"10":{"loc":{"start":{"line":38,"column":13},"end":{"line":40,"column":7}},"type":"if","locations":[{"start":{"line":38,"column":13},"end":{"line":40,"column":7}},{"start":{},"end":{}}],"line":38},"11":{"loc":{"start":{"line":51,"column":4},"end":{"line":53,"column":5}},"type":"if","locations":[{"start":{"line":51,"column":4},"end":{"line":53,"column":5}},{"start":{},"end":{}}],"line":51},"12":{"loc":{"start":{"line":58,"column":21},"end":{"line":58,"column":59}},"type":"cond-expr","locations":[{"start":{"line":58,"column":37},"end":{"line":58,"column":48}},{"start":{"line":58,"column":51},"end":{"line":58,"column":59}}],"line":58},"13":{"loc":{"start":{"line":72,"column":6},"end":{"line":74,"column":7}},"type":"if","locations":[{"start":{"line":72,"column":6},"end":{"line":74,"column":7}},{"start":{},"end":{}}],"line":72},"14":{"loc":{"start":{"line":73,"column":24},"end":{"line":73,"column":54}},"type":"binary-expr","locations":[{"start":{"line":73,"column":24},"end":{"line":73,"column":34}},{"start":{"line":73,"column":38},"end":{"line":73,"column":54}}],"line":73},"15":{"loc":{"start":{"line":76,"column":6},"end":{"line":84,"column":7}},"type":"if","locations":[{"start":{"line":76,"column":6},"end":{"line":84,"column":7}},{"start":{"line":82,"column":13},"end":{"line":84,"column":7}}],"line":76},"16":{"loc":{"start":{"line":86,"column":17},"end":{"line":86,"column":70}},"type":"binary-expr","locations":[{"start":{"line":86,"column":17},"end":{"line":86,"column":28}},{"start":{"line":86,"column":32},"end":{"line":86,"column":70}}],"line":86},"17":{"loc":{"start":{"line":95,"column":4},"end":{"line":114,"column":5}},"type":"switch","locations":[{"start":{"line":96,"column":6},"end":{"line":101,"column":14}},{"start":{"line":102,"column":6},"end":{"line":107,"column":14}},{"start":{"line":108,"column":6},"end":{"line":113,"column":14}}],"line":95},"18":{"loc":{"start":{"line":98,"column":8},"end":{"line":100,"column":9}},"type":"if","locations":[{"start":{"line":98,"column":8},"end":{"line":100,"column":9}},{"start":{},"end":{}}],"line":98},"19":{"loc":{"start":{"line":104,"column":8},"end":{"line":106,"column":9}},"type":"if","locations":[{"start":{"line":104,"column":8},"end":{"line":106,"column":9}},{"start":{},"end":{}}],"line":104},"20":{"loc":{"start":{"line":110,"column":8},"end":{"line":112,"column":9}},"type":"if","locations":[{"start":{"line":110,"column":8},"end":{"line":112,"column":9}},{"start":{},"end":{}}],"line":110},"21":{"loc":{"start":{"line":128,"column":4},"end":{"line":130,"column":5}},"type":"if","locations":[{"start":{"line":128,"column":4},"end":{"line":130,"column":5}},{"start":{},"end":{}}],"line":128},"22":{"loc":{"start":{"line":136,"column":9},"end":{"line":146,"column":9}},"type":"cond-expr","locations":[{"start":{"line":137,"column":10},"end":{"line":140,"column":13}},{"start":{"line":142,"column":10},"end":{"line":145,"column":13}}],"line":136},"23":{"loc":{"start":{"line":149,"column":7},"end":{"line":153,"column":7}},"type":"binary-expr","locations":[{"start":{"line":149,"column":7},"end":{"line":149,"column":14}},{"start":{"line":150,"column":8},"end":{"line":152,"column":14}}],"line":149},"24":{"loc":{"start":{"line":150,"column":35},"end":{"line":150,"column":87}},"type":"cond-expr","locations":[{"start":{"line":150,"column":68},"end":{"line":150,"column":77}},{"start":{"line":150,"column":80},"end":{"line":150,"column":87}}],"line":150},"25":{"loc":{"start":{"line":156,"column":38},"end":{"line":156,"column":68}},"type":"cond-expr","locations":[{"start":{"line":156,"column":56},"end":{"line":156,"column":63}},{"start":{"line":156,"column":66},"end":{"line":156,"column":68}}],"line":156},"26":{"loc":{"start":{"line":165,"column":11},"end":{"line":165,"column":86}},"type":"binary-expr","locations":[{"start":{"line":165,"column":11},"end":{"line":165,"column":26}},{"start":{"line":165,"column":30},"end":{"line":165,"column":86}}],"line":165},"27":{"loc":{"start":{"line":168,"column":38},"end":{"line":168,"column":68}},"type":"cond-expr","locations":[{"start":{"line":168,"column":56},"end":{"line":168,"column":63}},{"start":{"line":168,"column":66},"end":{"line":168,"column":68}}],"line":168},"28":{"loc":{"start":{"line":171,"column":20},"end":{"line":171,"column":54}},"type":"cond-expr","locations":[{"start":{"line":171,"column":35},"end":{"line":171,"column":41}},{"start":{"line":171,"column":44},"end":{"line":171,"column":54}}],"line":171},"29":{"loc":{"start":{"line":201,"column":15},"end":{"line":201,"column":47}},"type":"cond-expr","locations":[{"start":{"line":201,"column":30},"end":{"line":201,"column":35}},{"start":{"line":201,"column":38},"end":{"line":201,"column":47}}],"line":201},"30":{"loc":{"start":{"line":204,"column":11},"end":{"line":204,"column":86}},"type":"binary-expr","locations":[{"start":{"line":204,"column":11},"end":{"line":204,"column":26}},{"start":{"line":204,"column":30},"end":{"line":204,"column":86}}],"line":204},"31":{"loc":{"start":{"line":207,"column":9},"end":{"line":219,"column":9}},"type":"binary-expr","locations":[{"start":{"line":207,"column":9},"end":{"line":207,"column":22}},{"start":{"line":208,"column":10},"end":{"line":218,"column":16}}],"line":207},"32":{"loc":{"start":{"line":208,"column":40},"end":{"line":208,"column":77}},"type":"cond-expr","locations":[{"start":{"line":208,"column":65},"end":{"line":208,"column":72}},{"start":{"line":208,"column":75},"end":{"line":208,"column":77}}],"line":208},"33":{"loc":{"start":{"line":210,"column":20},"end":{"line":210,"column":54}},"type":"cond-expr","locations":[{"start":{"line":210,"column":35},"end":{"line":210,"column":41}},{"start":{"line":210,"column":44},"end":{"line":210,"column":54}}],"line":210},"34":{"loc":{"start":{"line":217,"column":13},"end":{"line":217,"column":102}},"type":"binary-expr","locations":[{"start":{"line":217,"column":13},"end":{"line":217,"column":35}},{"start":{"line":217,"column":39},"end":{"line":217,"column":102}}],"line":217},"35":{"loc":{"start":{"line":222,"column":11},"end":{"line":229,"column":11}},"type":"cond-expr","locations":[{"start":{"line":223,"column":12},"end":{"line":226,"column":15}},{"start":{"line":228,"column":12},"end":{"line":228,"column":56}}],"line":222},"36":{"loc":{"start":{"line":225,"column":15},"end":{"line":225,"column":70}},"type":"cond-expr","locations":[{"start":{"line":225,"column":31},"end":{"line":225,"column":52}},{"start":{"line":225,"column":55},"end":{"line":225,"column":70}}],"line":225},"37":{"loc":{"start":{"line":228,"column":12},"end":{"line":228,"column":56}},"type":"cond-expr","locations":[{"start":{"line":228,"column":28},"end":{"line":228,"column":44}},{"start":{"line":228,"column":47},"end":{"line":228,"column":56}}],"line":228},"38":{"loc":{"start":{"line":234,"column":9},"end":{"line":234,"column":72}},"type":"cond-expr","locations":[{"start":{"line":234,"column":25},"end":{"line":234,"column":51}},{"start":{"line":234,"column":54},"end":{"line":234,"column":72}}],"line":234},"39":{"loc":{"start":{"line":240,"column":11},"end":{"line":240,"column":55}},"type":"cond-expr","locations":[{"start":{"line":240,"column":27},"end":{"line":240,"column":36}},{"start":{"line":240,"column":39},"end":{"line":240,"column":55}}],"line":240},"40":{"loc":{"start":{"line":244,"column":7},"end":{"line":254,"column":7}},"type":"binary-expr","locations":[{"start":{"line":244,"column":7},"end":{"line":244,"column":20}},{"start":{"line":245,"column":8},"end":{"line":253,"column":14}}],"line":244}},"s":{"0":2,"1":2,"2":16,"3":16,"4":16,"5":16,"6":16,"7":16,"8":16,"9":16,"10":16,"11":3,"12":3,"13":1,"14":2,"15":0,"16":2,"17":0,"18":3,"19":1,"20":2,"21":0,"22":2,"23":0,"24":3,"25":0,"26":0,"27":0,"28":0,"29":3,"30":3,"31":16,"32":3,"33":3,"34":1,"35":2,"36":2,"37":2,"38":2,"39":2,"40":1,"41":1,"42":0,"43":1,"44":0,"45":0,"46":0,"47":0,"48":0,"49":1,"50":1,"51":1,"52":2,"53":16,"54":4,"55":2,"56":2,"57":0,"58":0,"59":2,"60":2,"61":2,"62":0,"63":
[...]
"end":{"line":295,"column":37}},{"start":{"line":295,"column":41},"end":{"line":295,"column":64}}],"line":295},"43":{"loc":{"start":{"line":313,"column":4},"end":{"line":324,"column":5}},"type":"if","locations":[{"start":{"line":313,"column":4},"end":{"line":324,"column":5}},{"start":{},"end":{}}],"line":313},"44":{"loc":{"start":{"line":331,"column":8},"end":{"line":331,"column":63}},"type":"cond-expr","locations":[{"start":{"line":331,"column":28},"end":{"line":331,"column":59}},{"start":{"line":331,"column":62},"end":{"line":331,"column":63}}],"line":331},"45":{"loc":{"start":{"line":343,"column":4},"end":{"line":343,"column":70}},"type":"if","locations":[{"start":{"line":343,"column":4},"end":{"line":343,"column":70}},{"start":{},"end":{}}],"line":343},"46":{"loc":{"start":{"line":351,"column":4},"end":{"line":356,"column":5}},"type":"if","locations":[{"start":{"line":351,"column":4},"end":{"line":356,"column":5}},{"start":{},"end":{}}],"line":351},"47":{"loc":{"start":{"line":353,"column":8},"end":{"line":354,"column":70}},"type":"binary-expr","locations":[{"start":{"line":353,"column":8},"end":{"line":353,"column":66}},{"start":{"line":354,"column":8},"end":{"line":354,"column":70}}],"line":353},"48":{"loc":{"start":{"line":359,"column":4},"end":{"line":370,"column":5}},"type":"switch","locations":[{"start":{"line":360,"column":6},"end":{"line":360,"column":82}},{"start":{"line":361,"column":6},"end":{"line":361,"column":81}},{"start":{"line":362,"column":6},"end":{"line":368,"column":14}},{"start":{"line":369,"column":6},"end":{"line":369,"column":21}}],"line":359},"49":{"loc":{"start":{"line":364,"column":10},"end":{"line":364,"column":43}},"type":"if","locations":[{"start":{"line":364,"column":10},"end":{"line":364,"column":43}},{"start":{},"end":{}}],"line":364},"50":{"loc":{"start":{"line":365,"column":52},"end":{"line":365,"column":72}},"type":"binary-expr","locations":[{"start":{"line":365,"column":52},"end":{"line":365,"column":61}},{"start":{"line":365,"column":65},"end":{"line":365,"column":72}}],"line":365},"51":{"loc":{"start":{"line":373,"column":4},"end":{"line":380,"column":5}},"type":"if","locations":[{"start":{"line":373,"column":4},"end":{"line":380,"column":5}},{"start":{"line":375,"column":11},"end":{"line":380,"column":5}}],"line":373},"52":{"loc":{"start":{"line":375,"column":11},"end":{"line":380,"column":5}},"type":"if","locations":[{"start":{"line":375,"column":11},"end":{"line":380,"column":5}},{"start":{"line":378,"column":11},"end":{"line":380,"column":5}}],"line":375},"53":{"loc":{"start":{"line":378,"column":11},"end":{"line":380,"column":5}},"type":"if","locations":[{"start":{"line":378,"column":11},"end":{"line":380,"column":5}},{"start":{},"end":{}}],"line":378},"54":{"loc":{"start":{"line":398,"column":6},"end":{"line":398,"column":36}},"type":"if","locations":[{"start":{"line":398,"column":6},"end":{"line":398,"column":36}},{"start":{},"end":{}}],"line":398},"55":{"loc":{"start":{"line":399,"column":45},"end":{"line":399,"column":62}},"type":"binary-expr","locations":[{"start":{"line":399,"column":45},"end":{"line":399,"column":51}},{"start":{"line":399,"column":55},"end":{"line":399,"column":62}}],"line":399},"56":{"loc":{"start":{"line":402,"column":6},"end":{"line":402,"column":36}},"type":"if","locations":[{"start":{"line":402,"column":6},"end":{"line":402,"column":36}},{"start":{},"end":{}}],"line":402},"57":{"loc":{"start":{"line":403,"column":45},"end":{"line":403,"column":62}},"type":"binary-expr","locations":[{"start":{"line":403,"column":45},"end":{"line":403,"column":51}},{"start":{"line":403,"column":55},"end":{"line":403,"column":62}}],"line":403},"58":{"loc":{"start":{"line":429,"column":28},"end":{"line":429,"column":73}},"type":"cond-expr","locations":[{"start":{"line":429,"column":52},"end":{"line":429,"column":61}},{"start":{"line":429,"column":64},"end":{"line":429,"column":73}}],"line":429},"59":{"loc":{"start":{"line":441,"column":34},"end":{"line":441,"column":64}},"type":"cond-expr","locations":[{"start":{"line":441,"column":52},"end":{"line":441,"column":59}},{"start":{"line":441,"column":62},"end":{"line":441,"column":64}}],"line":441},"60":{"loc":{"start":{"line":450,"column":7},"end":{"line":450,"column":82}},"type":"binary-expr","locations":[{"start":{"line":450,"column":7},"end":{"line":450,"column":22}},{"start":{"line":450,"column":26},"end":{"line":450,"column":82}}],"line":450},"61":{"loc":{"start":{"line":453,"column":34},"end":{"line":453,"column":63}},"type":"cond-expr","locations":[{"start":{"line":453,"column":51},"end":{"line":453,"column":58}},{"start":{"line":453,"column":61},"end":{"line":453,"column":63}}],"line":453},"62":{"loc":{"start":{"line":461,"column":7},"end":{"line":461,"column":80}},"type":"binary-expr","locations":[{"start":{"line":461,"column":7},"end":{"line":461,"column":21}},{"start":{"line":461,"column":25},"end":{"line":461,"column":80}}],"line":461},"63":{"loc":{"start":{"line":474,"column":34},"end":{"line":474,"column":64}},"type":"cond-expr","locations":[{"start":{"line":474,"column":52},"end":{"line":474,"column":59}},{"start":{"line":474,"column":62},"end":{"line":474,"column":64}}],"line":474},"64":{"loc":{"start":{"line":486,"column":7},"end":{"line":486,"column":82}},"type":"binary-expr","locations":[{"start":{"line":486,"column":7},"end":{"line":486,"column":22}},{"start":{"line":486,"column":26},"end":{"line":486,"column":82}}],"line":486},"65":{"loc":{"start":{"line":489,"column":34},"end":{"line":489,"column":64}},"type":"cond-expr","locations":[{"start":{"line":489,"column":52},"end":{"line":489,"column":59}},{"start":{"line":489,"column":62},"end":{"line":489,"column":64}}],"line":489},"66":{"loc":{"start":{"line":498,"column":7},"end":{"line":498,"column":82}},"type":"binary-expr","locations":[{"start":{"line":498,"column":7},"end":{"line":498,"column":22}},{"start":{"line":498,"column":26},"end":{"line":498,"column":82}}],"line":498},"67":{"loc":{"start":{"line":503,"column":3},"end":{"line":536,"column":3}},"type":"binary-expr","locations":[{"start":{"line":503,"column":3},"end":{"line":503,"column":12}},{"start":{"line":504,"column":4},"end":{"line":535,"column":10}}],"line":503},"68":{"loc":{"start":{"line":517,"column":26},"end":{"line":517,"column":65}},"type":"cond-expr","locations":[{"start":{"line":517,"column":44},"end":{"line":517,"column":53}},{"start":{"line":517,"column":56},"end":{"line":517,"column":65}}],"line":517},"69":{"loc":{"start":{"line":518,"column":21},"end":{"line":518,"column":55}},"type":"cond-expr","locations":[{"start":{"line":518,"column":39},"end":{"line":518,"column":46}},{"start":{"line":518,"column":49},"end":{"line":518,"column":55}}],"line":518},"70":{"loc":{"start":{"line":526,"column":13},"end":{"line":526,"column":76}},"type":"binary-expr","locations":[{"start":{"line":526,"column":13},"end":{"line":526,"column":28}},{"start":{"line":526,"column":32},"end":{"line":526,"column":76}}],"line":526},"71":{"loc":{"start":{"line":530,"column":7},"end":{"line":534,"column":7}},"type":"binary-expr","locations":[{"start":{"line":530,"column":7},"end":{"line":530,"column":56}},{"start":{"line":531,"column":8},"end":{"line":533,"column":12}}],"line":530},"72":{"loc":{"start":{"line":542,"column":40},"end":{"line":542,"column":65}},"type":"cond-expr","locations":[{"start":{"line":542,"column":52},"end":{"line":542,"column":60}},{"start":{"line":542,"column":63},"end":{"line":542,"column":65}}],"line":542},"73":{"loc":{"start":{"line":544,"column":7},"end":{"line":544,"column":63}},"type":"cond-expr","locations":[{"start":{"line":544,"column":19},"end":{"line":544,"column":35}},{"start":{"line":544,"column":38},"end":{"line":544,"column":63}}],"line":544},"74":{"loc":{"start":{"line":560,"column":26},"end":{"line":560,"column":43}},"type":"cond-expr","locations":[{"start":{"line":560,"column":36},"end":{"line":560,"column":39}},{"start":{"line":560,"column":42},"end":{"line":560,"column":43}}],"line":560},"75":{"loc":{"start":{"line":562,"column":9},"end":{"line":562,"column":48}},"type":"cond-expr","locations":[{"start":{"line":562,"column":19},"end":{"line":562,"column":32}},{"start":{"line":562,"column":35},"end":{"line":562,"column":48}}],"line":562},"76":{"loc":{"start":{"line":616,"column":24},"end":{"line":616,"column":80}},"type":"cond-expr","locations":[{"start":{"line":616,"column":55},"end":{"line":616,"column":64}},{"start":{"line":616,"column":67},"end":{"line":616,"column":80}}],"line":616},"77":{"loc":{"start":{"line":618,"column":26},"end":{"line":618,"column":85}},"type":"cond-expr","locations":[{"start":{"line":618,"column":57},"end":{"line":618,"column":76}},{"start":{"line":618,"column":79},"end":{"line":618,"column":85}}],"line":618},"78":{"loc":{"start":{"line":620,"column":24},"end":{"line":620,"column":72}},"type":"cond-expr","locations":[{"start":{"line":620,"column":55},"end":{"line":620,"column":61}},{"start":{"line":620,"column":64},"end":{"line":620,"column":72}}],"line":620},"79":{"loc":{"start":{"line":629,"column":24},"end":{"line":629,"column":78}},"type":"cond-expr","locations":[{"start":{"line":629,"column":53},"end":{"line":629,"column":62}},{"start":{"line":629,"column":65},"end":{"line":629,"column":78}}],"line":629},"80":{"loc":{"start":{"line":631,"column":26},"end":{"line":631,"column":83}},"type":"cond-expr","locations":[{"start":{"line":631,"column":55},"end":{"line":631,"column":74}},{"start":{"line":631,"column":77},"end":{"line":631,"column":83}}],"line":631},"81":{"loc":{"start":{"line":633,"column":24},"end":{"line":633,"column":70}},"type":"cond-expr","locations":[{"start":{"line":633,"column":53},"end":{"line":633,"column":59}},{"start":{"line":633,"column":62},"end":{"line":633,"column":70}}],"line":633},"82":{"loc":{"start":{"line":641,"column":7},"end":{"line":704,"column":7}},"type":"binary-expr","locations":[{"start":{"line":641,"column":7},"end":{"line":641,"column":35}},{"start":{"line":642,"column":8},"end":{"line":703,"column":14}}],"line":641},"83":{"loc":{"start":{"line":645,"column":13},"end":{"line":645,"column":92}},"type":"binary-expr","locations":[{"start":{"line":645,"column":13},"end":{"line":645,"column":23}},{"start":{"line":645,"column":27},"end":{"line":645,"column":92}}],"line":645},"84":{"loc":{"start":{"line":646,"column":13},"end":{"line":646,"column":107}},"type":"binary-expr","locations":[{"start":{"line":646,"column":13},"end":{"line":646,"column":35}},{"start":{"line":646,"column":39},"end":{"line":646,"column":107}}],"line":646},"85":{"loc":{"start":{"line":649,"column":11},"end":{"line":702,"column":11}},"type":"cond-expr","locations":[{"start":{"line":650,"column":12},"end":{"line":653,"column":18}},{"start":{"line":654,"column":14},"end":{"line":702,"column":11}}],"line":649},"86":{"loc":{"start":{"line":654,"column":14},"end":{"line":702,"column":11}},"type":"cond-expr","locations":[{"start":{"line":655,"column":12},"end":{"line":659,"column":18}},{"start":{"line":661,"column":12},"end":{"line":701,"column":17}}],"line":654},"87":{"loc":{"start":{"line":656,"column":15},"end":{"line":658,"column":63}},"type":"cond-expr","locations":[{"start":{"line":657,"column":18},"end":{"line":657,"column":58}},{"start":{"line":658,"column":18},"end":{"line":658,"column":63}}],"line":656},"88":{"loc":{"start":{"line":656,"column":15},"end":{"line":656,"column":51}},"type":"binary-expr","locations":[{"start":{"line":656,"column":15},"end":{"line":656,"column":25}},{"start":{"line":656,"column":29},"end":{"line":656,"column":51}}],"line":656},"89":{"loc":{"start":{"line":663,"column":58},"end":{"line":663,"column":78}},"type":"binary-expr","locations":[{"start":{"line":663,"column":58},"end":{"line":663,"column":67}},{"start":{"line":663,"column":71},"end":{"line":663,"column":78}}],"line":663},"90":{"loc":{"start":{"line":664,"column":34},"end":{"line":664,"column":74}},"type":"binary-expr","locations":[{"start":{"line":664,"column":34},"end":{"line":664,"column":49}},{"start":{"line":664,"column":53},"end":{"line":664,"column":74}}],"line":664},"91":{"loc":{"start":{"line":669,"column":44},"end":{"line":669,"column":77}},"type":"cond-expr","locations":[{"start":{"line":669,"column":61},"end":{"line":669,"column":72}},{"start":{"line":669,"column":75},"end":{"line":669,"column":77}}],"line":669},"92":{"loc":{"start":{"line":669,"column":81},"end":{"line":669,"column":107}},"type":"cond-expr","locations":[{"start":{"line":669,"column":93},"end":{"line":669,"column":102}},{"start":{"line":669,"column":105},"end":{"line":669,"column":107}}],"line":669},"93":{"loc":{"start":{"line":678,"column":23},"end":{"line":682,"column":23}},"type":"binary-expr","locations":[{"start":{"line":678,"column":23},"end":{"line":678,"column":32}},{"start":{"line":678,"column":36},"end":{"line":678,"column":51}},{"start":{"line":679,"column":24},"end":{"line":681,"column":31}}],"line":678},"94":{"loc":{"start":{"line":707,"column":7},"end":{"line":777,"column":7}},"type":"binary-expr","locations":[{"start":{"line":707,"column":7},"end":{"line":707,"column":33}},{"start":{"line":708,"column":8},"end":{"line":776,"column":14}}],"line":707},"95":{"loc":{"start":{"line":711,"column":13},"end":{"line":711,"column":98}},"type":"binary-expr","locations":[{"start":{"line":711,"column":13},"end":{"line":711,"column":23}},{"start":{"line":711,"column":27},"end":{"line":711,"column":98}}],"line":711},"96":{"loc":{"start":{"line":712,"column":13},"end":{"line":712,"column":107}},"type":"binary-expr","locations":[{"start":{"line":712,"column":13},"end":{"line":712,"column":35}},{"start":{"line":712,"column":39},"end":{"line":712,"column":107}}],"line":712},"97":{"loc":{"start":{"line":715,"column":11},"end":{"line":775,"column":11}},"type":"cond-expr","locations":[{"start":{"line":716,"column":12},"end":{"line":719,"column":18}},{"start":{"line":720,"column":14},"end":{"line":775,"column":11}}],"line":715},"98":{"loc":{"start":{"line":720,"column":14},"end":{"line":775,"column":11}},"type":"cond-expr","locations":[{"start":{"line":721,"column":12},"end":{"line":725,"column":18}},{"start":{"line":727,"column":12},"end":{"line":774,"column":17}}],"line":720},"99":{"loc":{"start":{"line":722,"column":15},"end":{"line":724,"column":59}},"type":"cond-expr","locations":[{"start":{"line":723,"column":18},"end":{"line":723,"column":65}},{"start":{"line":724,"column":18},"end":{"line":724,"column":59}}],"line":722},"100":{"loc":{"start":{"line":722,"column":15},"end":{"line":722,"column":51}},"type":"binary-expr","locations":[{"start":{"line":722,"column":15},"end":{"line":722,"column":25}},{"start":{"line":722,"column":29},"end":{"line":722,"column":51}}],"line":722},"101":{"loc":{"start":{"line":729,"column":58},"end":{"line":729,"column":78}},"type":"binary-expr","locations":[{"start":{"line":729,"column":58},"end":{"line":729,"column":67}},{"start":{"line":729,"column":71},"end":{"line":729,"column":78}}],"line":729},"102":{"loc":{"start":{"line":730,"column":34},"end":{"line":730,"column":74}},"type":"binary-expr","locations":[{"start":{"line":730,"column":34},"end":{"line":730,"column":49}},{"start":{"line":730,"column":53},"end":{"line":730,"column":74}}],"line":730},"103":{"loc":{"start":{"line":735,"column":44},"end":{"line":735,"column":77}},"type":"cond-expr","locations":[{"start":{"line":735,"column":61},"end":{"line":735,"column":72}},{"start":{"line":735,"column":75},"end":{"line":735,"column":77}}],"line":735},"104":{"loc":{"start":{"line":735,"column":81},"end":{"line":735,"column":107}},"type":"cond-expr","locations":[{"start":{"line":735,"column":93},"end":{"line":735,"column":102}},{"start":{"line":735,"column":105},"end":{"line":735,"column":107}}],"line":735},"105":{"loc":{"start":{"line":751,"column":23},"end":{"line":755,"column":23}},"type":"binary-expr","locations":[{"start":{"line":751,"column":23},"end":{"line":751,"column":32}},{"start":{"line":751,"column":36},"end":{"line":751,"column":51}},{"start":{"line":752,"column":24},"end":{"line":754,"column":31}}],"line":751}},"s":{"0":1,"1":1,"2":0,"3":0,"4":0,"5":0,"6":0,"7":0,"8":0,"9":0,"10":0,"11":0,"12":0,"13":0,"14":0,"15":0,"16":0,"17":0,"18":0,"19":0,"20":0,"21":0,"22":0,"23":0,"24":0,"25":0,"26":0,"27":0,"28":0,"29":0,"30":0,"31":0,"32":0,"33":0,"34":0,"35":0,"36":0,"37":0,"38":0,"39":0,"40":0,"41":0,"42":0,"43":0,"44":0,"45":0,"46":0,"47":0,"48":0,"49":0,"50":0,"51":0,"52":0,"53":0,"54":0,"55":0,"56":0,"57":0,"58":0,"59":0,"60":0,"61":0,"62":0,"63":0,"64":0,"65":0,"66":0,"67":0,"68":0,"69":0,"70":0,"71":0,"72":0,"73":0,"74":0,"75":0,"76":0,"77":0,"78":0,"79":0,"80":0,"81":0,"82":0,"83":0,"84":0,"85":0,"86":0,"87":0,"88":0,"89":0,"90":0,"91":0,"92":0,"93":0,"94":0,"95":0,"96":0,"97":0,"98":0,"99":0,"100":0,"101":0,"102":0,"103":0,"104":0,"105":0,"106":0,"107":0,"108":0,"109":0,"110":0,"111":0,"112":0,"113":0,"114":0,"115":0,"116":0,"117":0,"118":0,"119":0,"120":0,"121":0,"122":0,"123":0,"124":0,"125":0,"126":0,"127":0,"128":0,"129":0,"130":0,"131":0,"132":0,"133":0,"134":0,"135":0,"136":0,"137":0,"138":0,"139":0,"140":0,"141":0,"142":0,"143":0,"144":0,"145":0,"146":0,"147":0,"148":0,"149":0,"150":0,"151":0,"152":0,"153":0,"154":0,"155":0,"156":0,"157":0,"158":0,"159":0,"160":0,"161":0,"162":0,"163":0,"164":0,"165":0,"166":0,"167":0,"168":0,"169":0,"170":0,"171":0,"172":0,"173":0,"174":0,"175":0,"176":0,"177":0,"178":0,"179":0,"180":0,"181":0,"182":0,"183":0,"184":0,"185":0,"186":0,"187":0,"188":0,"189":0,"190":0,"191":0,"192":0,"193":0,"194":0,"195":0,"196":0,"197":0,"198":0,"199":0,"200":0,"201":0,"202":0,"203":0,"204":0,"205":0,"206":0,"207":0,"208":0,"209":0,"210":0,"211":0,"212":0,"213":0,"214":0,"215":0,"216":0,"217":0,"218":0,"219":0,"220":0,"221":0,"222":0,"223":0,"224":0,"225":0,"226":0,"227":0,"228":0,"229":0,"230":0,"231":0,"232":0,"233":0,"234":0,"235":0,"236":0,"237":0,"238":0,"239":0,"240":0,"241":0,"242":0,"243":0,"244":0,"245":0,"246":0,"247":0,"248":0,"249":0,"250":0,"251":0,"252":0,"253":0,"254":0,"255":0,"256":0,"257":0,"258":0,"259":0,"260":0,"261":0,"262":0,"263":0,"264":0,"265":0,"266":0,"267":0,"268":0,"269":0,"270":0,"271":0,"272":0,"273":0,"274":0,"275":0,"276":0},"f":{"0":0,"1":0,"2":0,"3":0,"4":0,"5":0,"6":0,"7":0,"8":0,"9":0,"10":0,"11":0,"12":0,"13":0,"14":0,"15":0,"16":0,"17":0,"18":0,"19":0,"20":0,"21":0,"22":0,"23":0,"24":0,"25":0,"26":0,"27":0,"28":0,"29":0,"30":0,"31":0,"32":0,"33":0,"34":0,"35":0,"36":0,"37":0,"38":0,"39":0,"40":0,"41":0,"42":0,"43":0,"44":0,"45":0,"46":0,"47":0,"48":0,"49":0,"50":0,"51":0,"52":0,"53":0,"54":0,"55":0,"56":0,"57":0,"58":0,"59":0,"60":0,"61":0,"62":0,"63":0,"64":0,"65":0,"66":0,"67":0,"68":0,"69":0,"70":0,"71":0,"72":0,"73":0,"74":0},"b":{"0":[1,1],"1":[0,0],"2":[0,0],"3":[0,0],"4":[0,0],"5":[0,0],"6":[0,0],"7":[0,0],"8":[0,0],"9":[0,0],"10":[0,0],"11":[0,0],"12":[0,0],"13":[0,0,0,0],"14":[0,0],"15":[0,0],"16":[0,0],"17":[0,0],"18":[0,0],"19":[0,0],"20":[0,0],"21":[0,0],"22":[0,0],"23":[0,0],"24":[0,0],"25":[0,0],"26":[0,0],"27":[0,0],"28":[0,0],"29":[0,0],"30":[0,0],"31":[0,0],"32":[0,0],"33":[0,0],"34":[0,0],"35":[0,0],"36":[0,0],"37":[0],"38":[0,0],"39":[0,0],"40":[0,0],"41":[0,0],"42":[0,0],"43":[0,0],"44":[0,0],"45":[0,0],"46":[0,0],"47":[0,0],"48":[0,0,0,0],"49":[0,0],"50":[0,0],"51":[0,0],"52":[0,0],"53":[0,0],"54":[0,0],"55":[0,0],"56":[0,0],"57":[0,0],"58":[0,0],"59":[0,0],"60":[0,0],"61":[0,0],"62":[0,0],"63":[0,0],"64":[0,0],"65":[0,0],"66":[0,0],"67":[0,0],"68":[0,0],"69":[0,0],"70":[0,0],"71":[0,0],"72":[0,0],"73":[0,0],"74":[0,0],"75":[0,0],"76":[0,0],"77":[0,0],"78":[0,0],"79":[0,0],"80":[0,0],"81":[0,0],"82":[0,0],"83":[0,0],"84":[0,0],"85":[0,0],"86":[0,0],"87":[0,0],"88":[0,0],"89":[0,0],"90":[0,0],"91":[0,0],"92":[0,0],"93":[0,0,0],"94":[0,0],"95":[0,0],"96":[0,0],"97":[0,0],"98":[0,0],"99":[0,0],"100":[0,0],"101":[0,0],"102":[0,0],"103":[0,0],"104":[0,0],"105":[0,0,0]},"_coverageSchema":"1a1c01bbd47fc00a2c39e90264f33305004495a9","hash":"e6bd6c1eca4836b981ed77bc23e6f00c9cc03c73"}
}
