{"C:\\Github\\TaskMasters\\TaskMasters\\client\\src\\Login.js": {"path":"C:\\Github\\TaskMasters\\TaskMasters\\client\\src\\Login.js","statementMap":{"0":{"start":{"line":2,"column":14},"end":{"line":2,"column":71}},"1":{"start":{"line":3,"column":0},"end":{"line":3,"column":33}},"2":{"start":{"line":6,"column":34},"end":{"line":6,"column":46}},"3":{"start":{"line":7,"column":34},"end":{"line":7,"column":46}},"4":{"start":{"line":8,"column":48},"end":{"line":8,"column":60}},"5":{"start":{"line":9,"column":44},"end":{"line":9,"column":59}},"6":{"start":{"line":10,"column":32},"end":{"line":10,"column":47}},"7":{"start":{"line":11,"column":30},"end":{"line":11,"column":42}},"8":{"start":{"line":12,"column":32},"end":{"line":12,"column":44}},"9":{"start":{"line":13,"column":42},"end":{"line":13,"column":57}},"10":{"start":{"line":16,"column":23},"end":{"line":45,"column":3}},"11":{"start":{"line":17,"column":22},"end":{"line":17,"column":24}},"12":{"start":{"line":19,"column":4},"end":{"line":25,"column":5}},"13":{"start":{"line":20,"column":6},"end":{"line":20,"column":50}},"14":{"start":{"line":21,"column":11},"end":{"line":25,"column":5}},"15":{"start":{"line":22,"column":6},"end":{"line":22,"column":68}},"16":{"start":{"line":23,"column":11},"end":{"line":25,"column":5}},"17":{"start":{"line":24,"column":6},"end":{"line":24,"column":89}},"18":{"start":{"line":27,"column":4},"end":{"line":33,"column":5}},"19":{"start":{"line":28,"column":6},"end":{"line":28,"column":50}},"20":{"start":{"line":29,"column":11},"end":{"line":33,"column":5}},"21":{"start":{"line":30,"column":6},"end":{"line":30,"column":68}},"22":{"start":{"line":31,"column":11},"end":{"line":33,"column":5}},"23":{"start":{"line":32,"column":6},"end":{"line":32,"column":119}},"24":{"start":{"line":35,"column":4},"end":{"line":41,"column":5}},"25":{"start":{"line":36,"column":6},"end":{"line":40,"column":7}},"26":{"start":{"line":37,"column":8},"end":{"line":37,"column":67}},"27":{"start":{"line":38,"column":13},"end":{"line":40,"column":7}},"28":{"start":{"line":39,"column":8},"end":{"line":39,"column":61}},"29":{"start":{"line":43,"column":4},"end":{"line":43,"column":25}},"30":{"start":{"line":44,"column":4},"end":{"line":44,"column":47}},"31":{"start":{"line":48,"column":23},"end":{"line":91,"column":3}},"32":{"start":{"line":49,"column":4},"end":{"line":49,"column":23}},"33":{"start":{"line":51,"column":4},"end":{"line":53,"column":5}},"34":{"start":{"line":52,"column":6},"end":{"line":52,"column":13}},"35":{"start":{"line":55,"column":4},"end":{"line":55,"column":21}},"36":{"start":{"line":56,"column":4},"end":{"line":56,"column":19}},"37":{"start":{"line":58,"column":21},"end":{"line":58,"column":59}},"38":{"start":{"line":60,"column":4},"end":{"line":90,"column":5}},"39":{"start":{"line":61,"column":23},"end":{"line":68,"column":8}},"40":{"start":{"line":70,"column":19},"end":{"line":70,"column":40}},"41":{"start":{"line":72,"column":6},"end":{"line":74,"column":7}},"42":{"start":{"line":73,"column":8},"end":{"line":73,"column":56}},"43":{"start":{"line":76,"column":6},"end":{"line":84,"column":7}},"44":{"start":{"line":77,"column":8},"end":{"line":77,"column":83}},"45":{"start":{"line":78,"column":8},"end":{"line":78,"column":32}},"46":{"start":{"line":79,"column":8},"end":{"line":79,"column":24}},"47":{"start":{"line":80,"column":8},"end":{"line":80,"column":31}},"48":{"start":{"line":81,"column":8},"end":{"line":81,"column":22}},"49":{"start":{"line":83,"column":8},"end":{"line":83,"column":22}},"50":{"start":{"line":86,"column":6},"end":{"line":86,"column":72}},"51":{"start":{"line":87,"column":6},"end":{"line":87,"column":40}},"52":{"start":{"line":89,"column":6},"end":{"line":89,"column":24}},"53":{"start":{"line":94,"column":28},"end":{"line":115,"column":3}},"54":{"start":{"line":95,"column":4},"end":{"line":114,"column":5}},"55":{"start":{"line":97,"column":8},"end":{"line":97,"column":27}},"56":{"start":{"line":98,"column":8},"end":{"line":100,"column":9}},"57":{"start":{"line":99,"column":10},"end":{"line":99,"column":57}},"58":{"start":{"line":99,"column":29},"end":{"line":99,"column":54}},"59":{"start":{"line":101,"column":8},"end":{"line":101,"column":14}},"60":{"start":{"line":103,"column":8},"end":{"line":103,"column":27}},"61":{"start":{"line":104,"column":8},"end":{"line":106,"column":9}},"62":{"start":{"line":105,"column":10},"end":{"line":105,"column":57}},"63":{"start":{"line":105,"column":29},"end":{"line":105,"column":54}},"64":{"start":{"line":107,"column":8},"end":{"line":107,"column":14}},"65":{"start":{"line":109,"column":8},"end":{"line":109,"column":34}},"66":{"start":{"line":110,"column":8},"end":{"line":112,"column":9}},"67":{"start":{"line":111,"column":10},"end":{"line":111,"column":64}},"68":{"start":{"line":111,"column":29},"end":{"line":111,"column":61}},"69":{"start":{"line":113,"column":8},"end":{"line":113,"column":14}},"70":{"start":{"line":118,"column":21},"end":{"line":124,"column":3}},"71":{"start":{"line":119,"column":4},"end":{"line":119,"column":37}},"72":{"start":{"line":120,"column":4},"end":{"line":120,"column":18}},"73":{"start":{"line":121,"column":4},"end":{"line":121,"column":19}},"74":{"start":{"line":122,"column":4},"end":{"line":122,"column":20}},"75":{"start":{"line":123,"column":4},"end":{"line":123,"column":27}},"76":{"start":{"line":127,"column":25},"end":{"line":131,"column":3}},"77":{"start":{"line":128,"column":4},"end":{"line":130,"column":5}},"78":{"start":{"line":129,"column":6},"end":{"line":129,"column":22}},"79":{"start":{"line":133,"column":2},"end":{"line":256,"column":4}},"80":{"start":{"line":161,"column":27},"end":{"line":161,"column":72}},"81":{"start":{"line":174,"column":29},"end":{"line":174,"column":74}},"82":{"start":{"line":180,"column":29},"end":{"line":180,"column":59}},"83":{"start":{"line":213,"column":29},"end":{"line":213,"column":81}}},"fnMap":{"0":{"name":"Login","decl":{"start":{"line":5,"column":9},"end":{"line":5,"column":14}},"loc":{"start":{"line":5,"column":28},"end":{"line":257,"column":1}},"line":5},"1":{"name":"(anonymous_1)","decl":{"start":{"line":16,"column":23},"end":{"line":16,"column":24}},"loc":{"start":{"line":16,"column":29},"end":{"line":45,"column":3}},"line":16},"2":{"name":"(anonymous_2)","decl":{"start":{"line":48,"column":23},"end":{"line":48,"column":24}},"loc":{"start":{"line":48,"column":36},"end":{"line":91,"column":3}},"line":48},"3":{"name":"(anonymous_3)","decl":{"start":{"line":94,"column":28},"end":{"line":94,"column":29}},"loc":{"start":{"line":94,"column":46},"end":{"line":115,"column":3}},"line":94},"4":{"name":"(anonymous_4)","decl":{"start":{"line":99,"column":20},"end":{"line":99,"column":21}},"loc":{"start":{"line":99,"column":29},"end":{"line":99,"column":54}},"line":99},"5":{"name":"(anonymous_5)","decl":{"start":{"line":105,"column":20},"end":{"line":105,"column":21}},"loc":{"start":{"line":105,"column":29},"end":{"line":105,"column":54}},"line":105},"6":{"name":"(anonymous_6)","decl":{"start":{"line":111,"column":20},"end":{"line":111,"column":21}},"loc":{"start":{"line":111,"column":29},"end":{"line":111,"column":61}},"line":111},"7":{"name":"(anonymous_7)","decl":{"start":{"line":118,"column":21},"end":{"line":118,"column":22}},"loc":{"start":{"line":118,"column":27},"end":{"line":124,"column":3}},"line":118},"8":{"name":"(anonymous_8)","decl":{"start":{"line":127,"column":25},"end":{"line":127,"column":26}},"loc":{"start":{"line":127,"column":32},"end":{"line":131,"column":3}},"line":127},"9":{"name":"(anonymous_9)","decl":{"start":{"line":161,"column":22},"end":{"line":161,"column":23}},"loc":{"start":{"line":161,"column":27},"end":{"line":161,"column":72}},"line":161},"10":{"name":"(anonymous_10)","decl":{"start":{"line":174,"column":24},"end":{"line":174,"column":25}},"loc":{"start":{"line":174,"column":29},"end":{"line":174,"column":74}},"line":174},"11":{"name":"(anonymous_11)","decl":{"start":{"line":180,"column":23},"end":{"line":180,"column":24}},"loc":{"start":{"line":180,"column":29},"end":{"line":180,"column":59}},"line":180},"12":{"name":"(anonymous_12)","decl":{"start":{"line":213,"column":24},"end":{"line":213,"column":25}},"loc":{"start":{"line":213,"column":29},"end":{"line":213,"column":81}},"line":213}},"branchMap":{"0":{"loc":{"start":{"line":2,"column":14},"end":{"line":2,"column":71}},"type":"binary-expr","locations":[{"start":{"line":2,"column":14},"end":{"line":2,"column":43}},{"start":{"line":2,"column":47},"end":{"line":2,"column":71}}],"line":2},"1":{"loc":{"start":{"line":19,"column":4},"end":{"line":25,"column":5}},"type":"if","locations":[{"start":{"line":19,"column":4},"end":{"line":25,"column":5}},{"start":{"line":21,"column":11},"end":{"line":25,"column":5}}],"line":19},"2":{"loc":{"start":{"line":21,"column":11},"end":{"line":25,"column":5}},"type":"if","locations":[{"start":{"line":21,"column":11},"end":{"line":25,"column":5}},{"start":{"line":23,"column":11},"end":{"line":25,"column":5}}],"line":21},"3":{"loc":{"start":{"line":23,"column":11},"end":{"line":25,"column":5}},"type":"if","locations":[{"start":{"line":23,"column":11},"end":{"line":25,"column":5}},{"start":{},"end":{}}],"line":23},"4":{"loc":{"start":{"line":27,"column":4},"end":{"line":33,"column":5}},"type":"if","locations":[{"start":{"line":27,"column":4},"end":{"line":33,"column":5}},{"start":{"line":29,"column":11},"end":{"line":33,"column":5}}],"line":27},"5":{"loc":{"start":{"line":29,"column":11},"end":{"line":33,"column":5}},"type":"if","locations":[{"start":{"line":29,"column":11},"end":{"line":33,"column":5}},{"start":{"line":31,"column":11},"end":{"line":33,"column":5}}],"line":29},"6":{"loc":{"start":{"line":31,"column":11},"end":{"line":33,"column":5}},"type":"if","locations":[{"start":{"line":31,"column":11},"end":{"line":33,"column":5}},{"start":{},"end":{}}],"line":31},"7":{"loc":{"start":{"line":31,"column":15},"end":{"line":31,"column":80}},"type":"binary-expr","locations":[{"start":{"line":31,"column":15},"end":{"line":31,"column":28}},{"start":{"line":31,"column":32},"end":{"line":31,"column":80}}],"line":31},"8":{"loc":{"start":{"line":35,"column":4},"end":{"line":41,"column":5}},"type":"if","locations":[{"start":{"line":35,"column":4},"end":{"line":41,"column":5}},{"start":{},"end":{}}],"line":35},"9":{"loc":{"start":{"line":36,"column":6},"end":{"line":40,"column":7}},"type":"if","locations":[{"start":{"line":36,"column":6},"end":{"line":40,"column":7}},{"start":{"line":38,"column":13},"end":{"line":40,"column":7}}],"line":36},"10":{"loc":{"start":{"line":38,"column":13},"end":{"line":40,"column":7}},"type":"if","locations":[{"start":{"line":38,"column":13},"end":{"line":40,"column":7}},{"start":{},"end":{}}],"line":38},"11":{"loc":{"start":{"line":51,"column":4},"end":{"line":53,"column":5}},"type":"if","locations":[{"start":{"line":51,"column":4},"end":{"line":53,"column":5}},{"start":{},"end":{}}],"line":51},"12":{"loc":{"start":{"line":58,"column":21},"end":{"line":58,"column":59}},"type":"cond-expr","locations":[{"start":{"line":58,"column":37},"end":{"line":58,"column":48}},{"start":{"line":58,"column":51},"end":{"line":58,"column":59}}],"line":58},"13":{"loc":{"start":{"line":72,"column":6},"end":{"line":74,"column":7}},"type":"if","locations":[{"start":{"line":72,"column":6},"end":{"line":74,"column":7}},{"start":{},"end":{}}],"line":72},"14":{"loc":{"start":{"line":73,"column":24},"end":{"line":73,"column":54}},"type":"binary-expr","locations":[{"start":{"line":73,"column":24},"end":{"line":73,"column":34}},{"start":{"line":73,"column":38},"end":{"line":73,"column":54}}],"line":73},"15":{"loc":{"start":{"line":76,"column":6},"end":{"line":84,"column":7}},"type":"if","locations":[{"start":{"line":76,"column":6},"end":{"line":84,"column":7}},{"start":{"line":82,"column":13},"end":{"line":84,"column":7}}],"line":76},"16":{"loc":{"start":{"line":86,"column":17},"end":{"line":86,"column":70}},"type":"binary-expr","locations":[{"start":{"line":86,"column":17},"end":{"line":86,"column":28}},{"start":{"line":86,"column":32},"end":{"line":86,"column":70}}],"line":86},"17":{"loc":{"start":{"line":95,"column":4},"end":{"line":114,"column":5}},"type":"switch","locations":[{"start":{"line":96,"column":6},"end":{"line":101,"column":14}},{"start":{"line":102,"column":6},"end":{"line":107,"column":14}},{"start":{"line":108,"column":6},"end":{"line":113,"column":14}}],"line":95},"18":{"loc":{"start":{"line":98,"column":8},"end":{"line":100,"column":9}},"type":"if","locations":[{"start":{"line":98,"column":8},"end":{"line":100,"column":9}},{"start":{},"end":{}}],"line":98},"19":{"loc":{"start":{"line":104,"column":8},"end":{"line":106,"column":9}},"type":"if","locations":[{"start":{"line":104,"column":8},"end":{"line":106,"column":9}},{"start":{},"end":{}}],"line":104},"20":{"loc":{"start":{"line":110,"column":8},"end":{"line":112,"column":9}},"type":"if","locations":[{"start":{"line":110,"column":8},"end":{"line":112,"column":9}},{"start":{},"end":{}}],"line":110},"21":{"loc":{"start":{"line":128,"column":4},"end":{"line":130,"column":5}},"type":"if","locations":[{"start":{"line":128,"column":4},"end":{"line":130,"column":5}},{"start":{},"end":{}}],"line":128},"22":{"loc":{"start":{"line":136,"column":9},"end":{"line":146,"column":9}},"type":"cond-expr","locations":[{"start":{"line":137,"column":10},"end":{"line":140,"column":13}},{"start":{"line":142,"column":10},"end":{"line":145,"column":13}}],"line":136},"23":{"loc":{"start":{"line":149,"column":7},"end":{"line":153,"column":7}},"type":"binary-expr","locations":[{"start":{"line":149,"column":7},"end":{"line":149,"column":14}},{"start":{"line":150,"column":8},"end":{"line":152,"column":14}}],"line":149},"24":{"loc":{"start":{"line":150,"column":35},"end":{"line":150,"column":87}},"type":"cond-expr","locations":[{"start":{"line":150,"column":68},"end":{"line":150,"column":77}},{"start":{"line":150,"column":80},"end":{"line":150,"column":87}}],"line":150},"25":{"loc":{"start":{"line":156,"column":38},"end":{"line":156,"column":68}},"type":"cond-expr","locations":[{"start":{"line":156,"column":56},"end":{"line":156,"column":63}},{"start":{"line":156,"column":66},"end":{"line":156,"column":68}}],"line":156},"26":{"loc":{"start":{"line":165,"column":11},"end":{"line":165,"column":86}},"type":"binary-expr","locations":[{"start":{"line":165,"column":11},"end":{"line":165,"column":26}},{"start":{"line":165,"column":30},"end":{"line":165,"column":86}}],"line":165},"27":{"loc":{"start":{"line":168,"column":38},"end":{"line":168,"column":68}},"type":"cond-expr","locations":[{"start":{"line":168,"column":56},"end":{"line":168,"column":63}},{"start":{"line":168,"column":66},"end":{"line":168,"column":68}}],"line":168},"28":{"loc":{"start":{"line":171,"column":20},"end":{"line":171,"column":54}},"type":"cond-expr","locations":[{"start":{"line":171,"column":35},"end":{"line":171,"column":41}},{"start":{"line":171,"column":44},"end":{"line":171,"column":54}}],"line":171},"29":{"loc":{"start":{"line":201,"column":15},"end":{"line":201,"column":47}},"type":"cond-expr","locations":[{"start":{"line":201,"column":30},"end":{"line":201,"column":35}},{"start":{"line":201,"column":38},"end":{"line":201,"column":47}}],"line":201},"30":{"loc":{"start":{"line":204,"column":11},"end":{"line":204,"column":86}},"type":"binary-expr","locations":[{"start":{"line":204,"column":11},"end":{"line":204,"column":26}},{"start":{"line":204,"column":30},"end":{"line":204,"column":86}}],"line":204},"31":{"loc":{"start":{"line":207,"column":9},"end":{"line":219,"column":9}},"type":"binary-expr","locations":[{"start":{"line":207,"column":9},"end":{"line":207,"column":22}},{"start":{"line":208,"column":10},"end":{"line":218,"column":16}}],"line":207},"32":{"loc":{"start":{"line":208,"column":40},"end":{"line":208,"column":77}},"type":"cond-expr","locations":[{"start":{"line":208,"column":65},"end":{"line":208,"column":72}},{"start":{"line":208,"column":75},"end":{"line":208,"column":77}}],"line":208},"33":{"loc":{"start":{"line":210,"column":20},"end":{"line":210,"column":54}},"type":"cond-expr","locations":[{"start":{"line":210,"column":35},"end":{"line":210,"column":41}},{"start":{"line":210,"column":44},"end":{"line":210,"column":54}}],"line":210},"34":{"loc":{"start":{"line":217,"column":13},"end":{"line":217,"column":102}},"type":"binary-expr","locations":[{"start":{"line":217,"column":13},"end":{"line":217,"column":35}},{"start":{"line":217,"column":39},"end":{"line":217,"column":102}}],"line":217},"35":{"loc":{"start":{"line":222,"column":11},"end":{"line":229,"column":11}},"type":"cond-expr","locations":[{"start":{"line":223,"column":12},"end":{"line":226,"column":15}},{"start":{"line":228,"column":12},"end":{"line":228,"column":56}}],"line":222},"36":{"loc":{"start":{"line":225,"column":15},"end":{"line":225,"column":70}},"type":"cond-expr","locations":[{"start":{"line":225,"column":31},"end":{"line":225,"column":52}},{"start":{"line":225,"column":55},"end":{"line":225,"column":70}}],"line":225},"37":{"loc":{"start":{"line":228,"column":12},"end":{"line":228,"column":56}},"type":"cond-expr","locations":[{"start":{"line":228,"column":28},"end":{"line":228,"column":44}},{"start":{"line":228,"column":47},"end":{"line":228,"column":56}}],"line":228},"38":{"loc":{"start":{"line":234,"column":9},"end":{"line":234,"column":72}},"type":"cond-expr","locations":[{"start":{"line":234,"column":25},"end":{"line":234,"column":51}},{"start":{"line":234,"column":54},"end":{"line":234,"column":72}}],"line":234},"39":{"loc":{"start":{"line":240,"column":11},"end":{"line":240,"column":55}},"type":"cond-expr","locations":[{"start":{"line":240,"column":27},"end":{"line":240,"column":36}},{"start":{"line":240,"column":39},"end":{"line":240,"column":55}}],"line":240},"40":{"loc":{"start":{"line":244,"column":7},"end":{"line":254,"column":7}},"type":"binary-expr","locations":[{"start":{"line":244,"column":7},"end":{"line":244,"column":20}},{"start":{"line":245,"column":8},"end":{"line":253,"column":14}}],"line":244}},"s":{"0":1,"1":1,"2":0,"3":0,"4":0,"5":0,"6":0,"7":0,"8":0,"9":0,"10":0,"11":0,"12":0,"13":0,"14":0,"15":0,"16":0,"17":0,"18":0,"19":0,"20":0,"21":0,"22":0,"23":0,"24":0,"25":0,"26":0,"27":0,"28":0,"29":0,"30":0,"31":0,"32":0,"33":0,"34":0,"35":0,"36":0,"37":0,"38":0,"39":0,"40":0,"41":0,"42":0,"43":0,"44":0,"45":0,"46":0,"47":0,"48":0,"49":0,"50":0,"51":0,"52":0,"53":0,"54":0,"55":0,"56":0,"57":0,"58":0,"59":0,"60":0,"61":0,"62":0,"63":0,"64":0,"65":0,"66":0,"67":0,"68":0,"69":0,"70":0,"71":0,"72":0,"73":0,"74":0,"75":0,"76":0,"77":0,"78":0,"79":0,"80":0,"81":0,"82":0,"83":0},"f":{"0":0,"1":0,"2":0,"3":0,"4":0,"5":0,"6":0,"7":0,"8":0,"9":0,"10":0,"11":0,"12":0},"b":{"0":[1,1],"1":[0,0],"2":[0,0],"3":[0,0],"4":[0,0],"5":[0,0],"6":[0,0],"7":[0,0],"8":[0,0],"9":[0,0],"10":[0,0],"11":[0,0],"12":[0,0],"13":[0,0],"14":[0,0],"15":[0,0],"16":[0,0],"17":[0,0,0],"18":[0,0],"19":[0,0],"20":[0,0],"21":[0,0],"22":[0,0],"23":[0,0],"24":[0,0],"25":[0,0],"26":[0,0],"27":[0,0],"28":[0,0],"29":[0,0],"30":[0,0],"31":[0,0],"32":[0,0],"33":[0,0],"34":[0,0],"35":[0,0],"36":[0,0],"37":[0,0],"38":[0,0],"39":[0,0],"40":[0,0]},"_coverageSchema":"1a1c01bbd47fc00a2c39e90264f33305004495a9","hash":"b46c9dc50bc5c55ab5adbd445680010c9a6414b3"}
}
