TN:
SF:client\src\App.js
FN:11,App
FN:17,(anonymous_1)
FN:19,(anonymous_2)
FN:23,(anonymous_3)
FN:76,(anonymous_4)
FN:90,(anonymous_5)
FN:104,(anonymous_6)
FNF:7
FNH:1
FNDA:1,App
FNDA:0,(anonymous_1)
FNDA:0,(anonymous_2)
FNDA:0,(anonymous_3)
FNDA:0,(anonymous_4)
FNDA:0,(anonymous_5)
FNDA:0,(anonymous_6)
DA:9,1
DA:12,1
DA:13,1
DA:14,1
DA:17,1
DA:18,0
DA:19,0
DA:23,1
DA:24,0
DA:25,0
DA:26,0
DA:27,0
DA:31,1
DA:32,1
DA:35,0
DA:76,0
DA:90,0
DA:104,0
LF:18
LH:8
BRDA:17,0,0,0
BRDA:24,1,0,0
BRDA:24,1,1,0
BRDA:31,2,0,1
BRDA:31,2,1,0
BRDA:61,3,0,0
BRDA:61,3,1,0
BRDA:78,4,0,0
BRDA:78,4,1,0
BRDA:79,5,0,0
BRDA:79,5,1,0
BRDA:80,6,0,0
BRDA:80,6,1,0
BRDA:92,7,0,0
BRDA:92,7,1,0
BRDA:93,8,0,0
BRDA:93,8,1,0
BRDA:94,9,0,0
BRDA:94,9,1,0
BRDA:106,10,0,0
BRDA:106,10,1,0
BRDA:107,11,0,0
BRDA:107,11,1,0
BRDA:108,12,0,0
BRDA:108,12,1,0
BRDA:120,13,0,0
BRDA:120,13,1,0
BRDA:124,14,0,0
BRDA:124,14,1,0
BRDA:128,15,0,0
BRDA:128,15,1,0
BRF:31
BRH:1
end_of_record
TN:
SF:client\src\Calendar.js
FN:7,(anonymous_0)
FN:39,(anonymous_1)
FN:62,(anonymous_2)
FN:63,(anonymous_3)
FN:68,(anonymous_4)
FN:72,(anonymous_5)
FN:76,(anonymous_6)
FN:80,(anonymous_7)
FN:94,(anonymous_8)
FN:103,(anonymous_9)
FN:105,(anonymous_10)
FN:110,(anonymous_11)
FN:118,(anonymous_12)
FN:118,(anonymous_13)
FN:123,(anonymous_14)
FN:142,(anonymous_15)
FN:151,(anonymous_16)
FN:156,(anonymous_17)
FN:192,(anonymous_18)
FN:199,(anonymous_19)
FN:202,(anonymous_20)
FN:214,(anonymous_21)
FN:253,(anonymous_22)
FN:263,(anonymous_23)
FN:269,(anonymous_24)
FN:315,(anonymous_25)
FN:326,(anonymous_26)
FN:336,(anonymous_27)
FN:348,(anonymous_28)
FN:358,(anonymous_29)
FN:373,(anonymous_30)
FN:381,(anonymous_31)
FNF:32
FNH:0
FNDA:0,(anonymous_0)
FNDA:0,(anonymous_1)
FNDA:0,(anonymous_2)
FNDA:0,(anonymous_3)
FNDA:0,(anonymous_4)
FNDA:0,(anonymous_5)
FNDA:0,(anonymous_6)
FNDA:0,(anonymous_7)
FNDA:0,(anonymous_8)
FNDA:0,(anonymous_9)
FNDA:0,(anonymous_10)
FNDA:0,(anonymous_11)
FNDA:0,(anonymous_12)
FNDA:0,(anonymous_13)
FNDA:0,(anonymous_14)
FNDA:0,(anonymous_15)
FNDA:0,(anonymous_16)
FNDA:0,(anonymous_17)
FNDA:0,(anonymous_18)
FNDA:0,(anonymous_19)
FNDA:0,(anonymous_20)
FNDA:0,(anonymous_21)
FNDA:0,(anonymous_22)
FNDA:0,(anonymous_23)
FNDA:0,(anonymous_24)
FNDA:0,(anonymous_25)
FNDA:0,(anonymous_26)
FNDA:0,(anonymous_27)
FNDA:0,(anonymous_28)
FNDA:0,(anonymous_29)
FNDA:0,(anonymous_30)
FNDA:0,(anonymous_31)
DA:7,1
DA:8,0
DA:9,0
DA:10,0
DA:22,0
DA:23,0
DA:24,0
DA:34,0
DA:39,0
DA:40,0
DA:41,0
DA:42,0
DA:43,0
DA:44,0
DA:45,0
DA:47,0
DA:50,0
DA:51,0
DA:55,0
DA:56,0
DA:59,0
DA:62,0
DA:63,0
DA:64,0
DA:68,0
DA:69,0
DA:72,0
DA:73,0
DA:76,0
DA:77,0
DA:80,0
DA:81,0
DA:90,0
DA:91,0
DA:94,0
DA:95,0
DA:99,0
DA:100,0
DA:103,0
DA:104,0
DA:105,0
DA:106,0
DA:110,0
DA:111,0
DA:112,0
DA:113,0
DA:116,0
DA:118,0
DA:122,0
DA:123,0
DA:124,0
DA:126,0
DA:127,0
DA:130,0
DA:131,0
DA:142,0
DA:143,0
DA:144,0
DA:145,0
DA:146,0
DA:147,0
DA:151,0
DA:152,0
DA:153,0
DA:156,0
DA:157,0
DA:160,0
DA:161,0
DA:165,0
DA:193,0
DA:200,0
DA:202,0
DA:215,0
DA:254,0
DA:263,0
DA:269,0
DA:315,0
DA:326,0
DA:336,0
DA:348,0
DA:358,0
DA:373,0
DA:381,0
LF:83
LH:1
BRDA:104,0,0,0
BRDA:104,0,1,0
BRDA:111,1,0,0
BRDA:111,1,1,0
BRDA:111,2,0,0
BRDA:111,2,1,0
BRDA:119,3,0,0
BRDA:119,3,1,0
BRDA:122,4,0,0
BRDA:122,4,1,0
BRDA:123,5,0,0
BRDA:123,5,1,0
BRDA:143,6,0,0
BRDA:143,6,1,0
BRDA:143,6,2,0
BRDA:143,6,3,0
BRDA:202,7,0,0
BRDA:202,7,1,0
BRDA:204,8,0,0
BRDA:204,8,1,0
BRDA:204,9,0,0
BRDA:204,9,1,0
BRDA:204,10,0,0
BRDA:204,10,1,0
BRDA:207,11,0,0
BRDA:207,11,1,0
BRDA:212,12,0,0
BRDA:212,12,1,0
BRDA:221,13,0,0
BRDA:221,13,1,0
BRDA:248,14,0,0
BRDA:248,14,1,0
BRDA:281,15,0,0
BRDA:281,15,1,0
BRDA:287,16,0,0
BRDA:287,16,1,0
BRDA:302,17,0,0
BRDA:302,17,1,0
BRDA:306,18,0,0
BRDA:306,18,1,0
BRDA:390,19,0,0
BRDA:390,19,1,0
BRF:42
BRH:0
end_of_record
TN:
SF:client\src\ChatButton.js
FN:4,ChatButton
FN:12,(anonymous_1)
FN:26,(anonymous_2)
FNF:3
FNH:1
FNDA:4,ChatButton
FNDA:0,(anonymous_1)
FNDA:0,(anonymous_2)
DA:5,4
DA:7,4
DA:9,4
DA:13,0
DA:14,0
DA:27,0
DA:28,0
LF:7
LH:3
BRDA:22,0,0,4
BRDA:22,0,1,0
BRF:2
BRH:1
end_of_record
TN:
SF:client\src\ChatWindow.js
FN:7,ChatWindow
FN:14,(anonymous_1)
FN:35,(anonymous_2)
FN:38,(anonymous_3)
FN:41,(anonymous_4)
FN:46,(anonymous_5)
FN:83,(anonymous_6)
FN:103,(anonymous_7)
FN:116,(anonymous_8)
FN:134,(anonymous_9)
FNF:10
FNH:0
FNDA:0,ChatWindow
FNDA:0,(anonymous_1)
FNDA:0,(anonymous_2)
FNDA:0,(anonymous_3)
FNDA:0,(anonymous_4)
FNDA:0,(anonymous_5)
FNDA:0,(anonymous_6)
FNDA:0,(anonymous_7)
FNDA:0,(anonymous_8)
FNDA:0,(anonymous_9)
DA:4,3
DA:5,3
DA:8,0
DA:9,0
DA:10,0
DA:11,0
DA:14,0
DA:15,0
DA:16,0
DA:17,0
DA:18,0
DA:19,0
DA:22,0
DA:31,0
DA:35,0
DA:36,0
DA:37,0
DA:38,0
DA:41,0
DA:42,0
DA:46,0
DA:47,0
DA:48,0
DA:50,0
DA:56,0
DA:57,0
DA:58,0
DA:71,0
DA:73,0
DA:74,0
DA:75,0
DA:76,0
DA:79,0
DA:80,0
DA:82,0
DA:83,0
DA:88,0
DA:92,0
DA:94,0
DA:98,0
DA:104,0
DA:105,0
DA:106,0
DA:117,0
DA:134,0
LF:45
LH:2
BRDA:4,0,0,3
BRDA:4,0,1,3
BRDA:17,1,0,0
BRDA:17,1,1,0
BRDA:48,2,0,0
BRDA:48,2,1,0
BRDA:48,3,0,0
BRDA:48,3,1,0
BRDA:73,4,0,0
BRDA:73,4,1,0
BRDA:76,5,0,0
BRDA:76,5,1,0
BRDA:118,6,0,0
BRDA:118,6,1,0
BRDA:119,7,0,0
BRDA:119,7,1,0
BRDA:140,8,0,0
BRDA:140,8,1,0
BRDA:141,9,0,0
BRDA:141,9,1,0
BRDA:143,10,0,0
BRDA:143,10,1,0
BRF:22
BRH:2
end_of_record
TN:
SF:client\src\FriendRequests.js
FN:19,FriendRequests
FN:34,(anonymous_1)
FN:66,(anonymous_2)
FN:74,(anonymous_3)
FN:100,(anonymous_4)
FN:120,(anonymous_5)
FN:127,(anonymous_6)
FN:165,(anonymous_7)
FN:181,(anonymous_8)
FN:188,(anonymous_9)
FN:225,(anonymous_10)
FNF:11
FNH:11
FNDA:20,FriendRequests
FNDA:4,(anonymous_1)
FNDA:1,(anonymous_2)
FNDA:1,(anonymous_3)
FNDA:4,(anonymous_4)
FNDA:1,(anonymous_5)
FNDA:1,(anonymous_6)
FNDA:6,(anonymous_7)
FNDA:1,(anonymous_8)
FNDA:1,(anonymous_9)
FNDA:1,(anonymous_10)
DA:5,2
DA:6,2
DA:8,2
DA:29,20
DA:30,20
DA:31,20
DA:34,20
DA:35,4
DA:36,4
DA:38,4
DA:39,4
DA:40,4
DA:45,4
DA:46,4
DA:47,1
DA:50,3
DA:51,3
DA:52,2
DA:54,1
DA:57,2
DA:58,2
DA:59,2
DA:61,4
DA:66,20
DA:67,1
DA:68,1
DA:69,1
DA:70,1
DA:71,1
DA:74,1
DA:75,1
DA:77,0
DA:78,0
DA:83,20
DA:100,4
DA:121,1
DA:127,1
DA:166,6
DA:181,1
DA:188,1
DA:226,1
LF:41
LH:39
BRDA:5,0,0,2
BRDA:5,0,1,2
BRDA:36,1,0,0
BRDA:36,1,1,4
BRDA:46,2,0,1
BRDA:46,2,1,3
BRDA:46,3,0,4
BRDA:46,3,1,4
BRDA:51,4,0,2
BRDA:51,4,1,1
BRDA:54,5,0,1
BRDA:54,5,1,0
BRDA:78,6,0,0
BRDA:78,6,1,0
BRDA:110,7,0,4
BRDA:110,7,1,16
BRDA:116,8,0,20
BRDA:116,8,1,1
BRDA:147,9,0,20
BRDA:147,9,1,3
BRDA:152,10,0,17
BRDA:152,10,1,3
BRDA:159,11,0,17
BRDA:159,11,1,3
BRDA:207,12,0,20
BRDA:207,12,1,1
BRDA:212,13,0,19
BRDA:212,13,1,1
BRDA:219,14,0,19
BRDA:219,14,1,1
BRF:30
BRH:26
end_of_record
TN:
SF:client\src\FriendSystem.js
FN:9,FriendSystem
FN:17,(anonymous_1)
FN:25,(anonymous_2)
FN:33,(anonymous_3)
FN:40,(anonymous_4)
FN:57,(anonymous_5)
FN:70,(anonymous_6)
FN:77,(anonymous_7)
FN:90,(anonymous_8)
FN:119,(anonymous_9)
FN:143,(anonymous_10)
FN:162,(anonymous_11)
FN:197,(anonymous_12)
FN:208,(anonymous_13)
FNF:14
FNH:0
FNDA:0,FriendSystem
FNDA:0,(anonymous_1)
FNDA:0,(anonymous_2)
FNDA:0,(anonymous_3)
FNDA:0,(anonymous_4)
FNDA:0,(anonymous_5)
FNDA:0,(anonymous_6)
FNDA:0,(anonymous_7)
FNDA:0,(anonymous_8)
FNDA:0,(anonymous_9)
FNDA:0,(anonymous_10)
FNDA:0,(anonymous_11)
FNDA:0,(anonymous_12)
FNDA:0,(anonymous_13)
DA:6,1
DA:7,1
DA:10,0
DA:11,0
DA:12,0
DA:13,0
DA:14,0
DA:17,0
DA:18,0
DA:19,0
DA:20,0
DA:25,0
DA:26,0
DA:27,0
DA:28,0
DA:30,0
DA:32,0
DA:33,0
DA:34,0
DA:37,0
DA:38,0
DA:40,0
DA:46,0
DA:50,0
DA:52,0
DA:57,0
DA:58,0
DA:59,0
DA:64,0
DA:65,0
DA:67,0
DA:68,0
DA:70,0
DA:77,0
DA:84,0
DA:85,0
DA:90,0
DA:91,0
DA:92,0
DA:101,0
DA:103,0
DA:104,0
DA:107,0
DA:109,0
DA:110,0
DA:112,0
DA:113,0
DA:119,0
DA:120,0
DA:121,0
DA:127,0
DA:128,0
DA:129,0
DA:132,0
DA:134,0
DA:135,0
DA:137,0
DA:138,0
DA:143,0
DA:144,0
DA:145,0
DA:149,0
DA:150,0
DA:151,0
DA:153,0
DA:156,0
DA:157,0
DA:162,0
DA:163,0
DA:164,0
DA:167,0
DA:168,0
DA:172,0
DA:173,0
DA:174,0
DA:176,0
DA:179,0
DA:180,0
DA:184,0
DA:197,0
DA:208,0
LF:81
LH:2
BRDA:6,0,0,1
BRDA:6,0,1,1
BRDA:18,1,0,0
BRDA:18,1,1,0
BRDA:32,2,0,0
BRDA:32,2,1,0
BRDA:34,3,0,0
BRDA:34,3,1,0
BRDA:43,4,0,0
BRDA:43,4,1,0
BRDA:64,5,0,0
BRDA:64,5,1,0
BRDA:65,6,0,0
BRDA:65,6,1,0
BRDA:103,7,0,0
BRDA:103,7,1,0
BRDA:104,8,0,0
BRDA:104,8,1,0
BRDA:127,9,0,0
BRDA:127,9,1,0
BRDA:129,10,0,0
BRDA:129,10,1,0
BRDA:149,11,0,0
BRDA:149,11,1,0
BRDA:163,12,0,0
BRDA:163,12,1,0
BRDA:172,13,0,0
BRDA:172,13,1,0
BRDA:198,14,0,0
BRDA:198,14,1,0
BRDA:202,15,0,0
BRDA:202,15,1,0
BRDA:209,16,0,0
BRDA:209,16,1,0
BRDA:213,17,0,0
BRDA:213,17,1,0
BRDA:221,18,0,0
BRDA:221,18,1,0
BRDA:234,19,0,0
BRDA:234,19,1,0
BRF:40
BRH:2
end_of_record
TN:
SF:client\src\FriendsList.js
FN:5,FriendsList
FN:48,(anonymous_1)
FN:73,(anonymous_2)
FNF:3
FNH:3
FNDA:4,FriendsList
FNDA:4,(anonymous_1)
FNDA:1,(anonymous_2)
DA:13,4
DA:14,4
DA:49,4
DA:73,1
LF:4
LH:4
BRDA:22,0,0,4
BRDA:22,0,1,2
BRDA:24,1,0,2
BRDA:24,1,1,0
BRDA:30,2,0,1
BRDA:30,2,1,3
BRDA:35,3,0,1
BRDA:35,3,1,2
BRF:8
BRH:7
end_of_record
TN:
SF:client\src\Login.js
FN:5,Login
FN:16,(anonymous_1)
FN:48,(anonymous_2)
FN:94,(anonymous_3)
FN:99,(anonymous_4)
FN:105,(anonymous_5)
FN:111,(anonymous_6)
FN:118,(anonymous_7)
FN:127,(anonymous_8)
FN:161,(anonymous_9)
FN:174,(anonymous_10)
FN:180,(anonymous_11)
FN:213,(anonymous_12)
FNF:13
FNH:7
FNDA:16,Login
FNDA:3,(anonymous_1)
FNDA:3,(anonymous_2)
FNDA:4,(anonymous_3)
FNDA:0,(anonymous_4)
FNDA:0,(anonymous_5)
FNDA:0,(anonymous_6)
FNDA:1,(anonymous_7)
FNDA:0,(anonymous_8)
FNDA:2,(anonymous_9)
FNDA:2,(anonymous_10)
FNDA:0,(anonymous_11)
FNDA:0,(anonymous_12)
DA:2,2
DA:3,2
DA:6,16
DA:7,16
DA:8,16
DA:9,16
DA:10,16
DA:11,16
DA:12,16
DA:13,16
DA:16,16
DA:17,3
DA:19,3
DA:20,1
DA:21,2
DA:22,0
DA:23,2
DA:24,0
DA:27,3
DA:28,1
DA:29,2
DA:30,0
DA:31,2
DA:32,0
DA:35,3
DA:36,0
DA:37,0
DA:38,0
DA:39,0
DA:43,3
DA:44,3
DA:48,16
DA:49,3
DA:51,3
DA:52,1
DA:55,2
DA:56,2
DA:58,2
DA:60,2
DA:61,2
DA:70,1
DA:72,1
DA:73,0
DA:76,1
DA:77,0
DA:78,0
DA:79,0
DA:80,0
DA:81,0
DA:83,1
DA:86,1
DA:87,1
DA:89,2
DA:94,16
DA:95,4
DA:97,2
DA:98,2
DA:99,0
DA:101,2
DA:103,2
DA:104,2
DA:105,0
DA:107,2
DA:109,0
DA:110,0
DA:111,0
DA:113,0
DA:118,16
DA:119,1
DA:120,1
DA:121,1
DA:122,1
DA:123,1
DA:127,16
DA:128,0
DA:129,0
DA:133,16
DA:161,2
DA:174,2
DA:180,0
DA:213,0
LF:81
LH:57
BRDA:2,0,0,2
BRDA:2,0,1,2
BRDA:19,1,0,1
BRDA:19,1,1,2
BRDA:21,2,0,0
BRDA:21,2,1,2
BRDA:23,3,0,0
BRDA:23,3,1,2
BRDA:27,4,0,1
BRDA:27,4,1,2
BRDA:29,5,0,0
BRDA:29,5,1,2
BRDA:31,6,0,0
BRDA:31,6,1,2
BRDA:31,7,0,2
BRDA:31,7,1,0
BRDA:35,8,0,0
BRDA:35,8,1,3
BRDA:36,9,0,0
BRDA:36,9,1,0
BRDA:38,10,0,0
BRDA:38,10,1,0
BRDA:51,11,0,1
BRDA:51,11,1,2
BRDA:58,12,0,0
BRDA:58,12,1,2
BRDA:72,13,0,0
BRDA:72,13,1,1
BRDA:73,14,0,0
BRDA:73,14,1,0
BRDA:76,15,0,0
BRDA:76,15,1,1
BRDA:86,16,0,1
BRDA:86,16,1,0
BRDA:95,17,0,2
BRDA:95,17,1,2
BRDA:95,17,2,0
BRDA:98,18,0,0
BRDA:98,18,1,2
BRDA:104,19,0,0
BRDA:104,19,1,2
BRDA:110,20,0,0
BRDA:110,20,1,0
BRDA:128,21,0,0
BRDA:128,21,1,0
BRDA:136,22,0,1
BRDA:136,22,1,15
BRDA:149,23,0,16
BRDA:149,23,1,1
BRDA:150,24,0,0
BRDA:150,24,1,1
BRDA:156,25,0,1
BRDA:156,25,1,15
BRDA:165,26,0,16
BRDA:165,26,1,1
BRDA:168,27,0,1
BRDA:168,27,1,15
BRDA:171,28,0,0
BRDA:171,28,1,16
BRDA:201,29,0,0
BRDA:201,29,1,16
BRDA:204,30,0,16
BRDA:204,30,1,1
BRDA:207,31,0,16
BRDA:207,31,1,1
BRDA:208,32,0,0
BRDA:208,32,1,1
BRDA:210,33,0,0
BRDA:210,33,1,1
BRDA:217,34,0,1
BRDA:217,34,1,0
BRDA:222,35,0,2
BRDA:222,35,1,14
BRDA:225,36,0,0
BRDA:225,36,1,2
BRDA:228,37,0,1
BRDA:228,37,1,13
BRDA:234,38,0,1
BRDA:234,38,1,15
BRDA:240,39,0,1
BRDA:240,39,1,15
BRDA:244,40,0,16
BRDA:244,40,1,1
BRF:83
BRH:53
end_of_record
TN:
SF:client\src\Task.js
FN:7,Task
FN:28,(anonymous_1)
FN:45,(anonymous_2)
FN:59,(anonymous_3)
FN:67,(anonymous_4)
FN:101,(anonymous_5)
FN:105,(anonymous_6)
FN:109,(anonymous_7)
FN:113,(anonymous_8)
FN:117,(anonymous_9)
FN:124,(anonymous_10)
FN:126,(anonymous_11)
FN:127,(anonymous_12)
FN:131,(anonymous_13)
FN:132,(anonymous_14)
FN:145,(anonymous_15)
FN:146,(anonymous_16)
FN:149,(anonymous_17)
FN:155,(anonymous_18)
FN:156,(anonymous_19)
FN:159,(anonymous_20)
FN:190,(anonymous_21)
FN:190,(anonymous_22)
FN:193,(anonymous_23)
FN:193,(anonymous_24)
FN:202,(anonymous_25)
FN:234,(anonymous_26)
FN:239,(anonymous_27)
FN:240,(anonymous_28)
FN:281,(anonymous_29)
FN:311,(anonymous_30)
FN:316,(anonymous_31)
FN:317,(anonymous_32)
FN:318,(anonymous_33)
FN:320,(anonymous_34)
FN:328,(anonymous_35)
FN:329,(anonymous_36)
FN:330,(anonymous_37)
FN:337,(anonymous_38)
FN:343,(anonymous_39)
FN:347,(anonymous_40)
FN:352,(anonymous_41)
FN:360,(anonymous_42)
FN:361,(anonymous_43)
FN:363,(anonymous_44)
FN:374,(anonymous_45)
FN:377,(anonymous_46)
FN:379,(anonymous_47)
FN:385,(anonymous_48)
FN:388,(anonymous_49)
FN:392,(anonymous_50)
FN:394,(anonymous_51)
FN:395,(anonymous_52)
FN:397,(anonymous_53)
FN:401,(anonymous_54)
FN:447,(anonymous_55)
FN:458,(anonymous_56)
FN:469,(anonymous_57)
FN:478,(anonymous_58)
FN:495,(anonymous_59)
FN:512,(anonymous_60)
FN:515,(anonymous_61)
FN:530,(anonymous_62)
FN:532,(anonymous_63)
FN:577,(anonymous_64)
FN:586,(anonymous_65)
FN:599,(anonymous_66)
FN:613,(anonymous_67)
FN:626,(anonymous_68)
FN:662,(anonymous_69)
FN:674,(anonymous_70)
FN:694,(anonymous_71)
FN:728,(anonymous_72)
FN:740,(anonymous_73)
FN:767,(anonymous_74)
FNF:75
FNH:0
FNDA:0,Task
FNDA:0,(anonymous_1)
FNDA:0,(anonymous_2)
FNDA:0,(anonymous_3)
FNDA:0,(anonymous_4)
FNDA:0,(anonymous_5)
FNDA:0,(anonymous_6)
FNDA:0,(anonymous_7)
FNDA:0,(anonymous_8)
FNDA:0,(anonymous_9)
FNDA:0,(anonymous_10)
FNDA:0,(anonymous_11)
FNDA:0,(anonymous_12)
FNDA:0,(anonymous_13)
FNDA:0,(anonymous_14)
FNDA:0,(anonymous_15)
FNDA:0,(anonymous_16)
FNDA:0,(anonymous_17)
FNDA:0,(anonymous_18)
FNDA:0,(anonymous_19)
FNDA:0,(anonymous_20)
FNDA:0,(anonymous_21)
FNDA:0,(anonymous_22)
FNDA:0,(anonymous_23)
FNDA:0,(anonymous_24)
FNDA:0,(anonymous_25)
FNDA:0,(anonymous_26)
FNDA:0,(anonymous_27)
FNDA:0,(anonymous_28)
FNDA:0,(anonymous_29)
FNDA:0,(anonymous_30)
FNDA:0,(anonymous_31)
FNDA:0,(anonymous_32)
FNDA:0,(anonymous_33)
FNDA:0,(anonymous_34)
FNDA:0,(anonymous_35)
FNDA:0,(anonymous_36)
FNDA:0,(anonymous_37)
FNDA:0,(anonymous_38)
FNDA:0,(anonymous_39)
FNDA:0,(anonymous_40)
FNDA:0,(anonymous_41)
FNDA:0,(anonymous_42)
FNDA:0,(anonymous_43)
FNDA:0,(anonymous_44)
FNDA:0,(anonymous_45)
FNDA:0,(anonymous_46)
FNDA:0,(anonymous_47)
FNDA:0,(anonymous_48)
FNDA:0,(anonymous_49)
FNDA:0,(anonymous_50)
FNDA:0,(anonymous_51)
FNDA:0,(anonymous_52)
FNDA:0,(anonymous_53)
FNDA:0,(anonymous_54)
FNDA:0,(anonymous_55)
FNDA:0,(anonymous_56)
FNDA:0,(anonymous_57)
FNDA:0,(anonymous_58)
FNDA:0,(anonymous_59)
FNDA:0,(anonymous_60)
FNDA:0,(anonymous_61)
FNDA:0,(anonymous_62)
FNDA:0,(anonymous_63)
FNDA:0,(anonymous_64)
FNDA:0,(anonymous_65)
FNDA:0,(anonymous_66)
FNDA:0,(anonymous_67)
FNDA:0,(anonymous_68)
FNDA:0,(anonymous_69)
FNDA:0,(anonymous_70)
FNDA:0,(anonymous_71)
FNDA:0,(anonymous_72)
FNDA:0,(anonymous_73)
FNDA:0,(anonymous_74)
DA:4,1
DA:5,1
DA:8,0
DA:9,0
DA:10,0
DA:11,0
DA:12,0
DA:13,0
DA:14,0
DA:15,0
DA:16,0
DA:17,0
DA:18,0
DA:21,0
DA:22,0
DA:23,0
DA:24,0
DA:28,0
DA:29,0
DA:30,0
DA:31,0
DA:32,0
DA:33,0
DA:34,0
DA:37,0
DA:38,0
DA:40,0
DA:45,0
DA:46,0
DA:47,0
DA:48,0
DA:49,0
DA:50,0
DA:53,0
DA:54,0
DA:59,0
DA:60,0
DA:61,0
DA:62,0
DA:67,0
DA:68,0
DA:70,0
DA:71,0
DA:72,0
DA:73,0
DA:76,0
DA:77,0
DA:79,0
DA:80,0
DA:81,0
DA:82,0
DA:86,0
DA:87,0
DA:90,0
DA:91,0
DA:92,0
DA:93,0
DA:96,0
DA:97,0
DA:101,0
DA:102,0
DA:104,0
DA:105,0
DA:106,0
DA:108,0
DA:109,0
DA:110,0
DA:112,0
DA:113,0
DA:114,0
DA:116,0
DA:117,0
DA:118,0
DA:124,0
DA:125,0
DA:126,0
DA:127,0
DA:129,0
DA:131,0
DA:132,0
DA:134,0
DA:136,0
DA:137,0
DA:138,0
DA:139,0
DA:143,0
DA:144,0
DA:145,0
DA:146,0
DA:147,0
DA:149,0
DA:150,0
DA:153,0
DA:154,0
DA:155,0
DA:156,0
DA:157,0
DA:159,0
DA:160,0
DA:165,0
DA:174,0
DA:176,0
DA:177,0
DA:178,0
DA:179,0
DA:182,0
DA:183,0
DA:185,0
DA:187,0
DA:190,0
DA:191,0
DA:193,0
DA:194,0
DA:197,0
DA:202,0
DA:203,0
DA:205,0
DA:206,0
DA:208,0
DA:216,0
DA:219,0
DA:225,0
DA:226,0
DA:227,0
DA:230,0
DA:231,0
DA:234,0
DA:235,0
DA:239,0
DA:240,0
DA:243,0
DA:245,0
DA:251,0
DA:252,0
DA:253,0
DA:254,0
DA:257,0
DA:261,0
DA:262,0
DA:263,0
DA:264,0
DA:265,0
DA:266,0
DA:267,0
DA:270,0
DA:273,0
DA:274,0
DA:276,0
DA:281,0
DA:282,0
DA:284,0
DA:287,0
DA:288,0
DA:289,0
DA:293,0
DA:294,0
DA:295,0
DA:298,0
DA:299,0
DA:300,0
DA:302,0
DA:306,0
DA:311,0
DA:312,0
DA:313,0
DA:315,0
DA:316,0
DA:318,0
DA:321,0
DA:322,0
DA:328,0
DA:329,0
DA:330,0
DA:331,0
DA:337,0
DA:338,0
DA:339,0
DA:340,0
DA:341,0
DA:342,0
DA:343,0
DA:347,0
DA:348,0
DA:351,0
DA:352,0
DA:353,0
DA:359,0
DA:360,0
DA:361,0
DA:363,0
DA:364,0
DA:365,0
DA:366,0
DA:368,0
DA:369,0
DA:373,0
DA:374,0
DA:375,0
DA:376,0
DA:377,0
DA:378,0
DA:379,0
DA:382,0
DA:385,0
DA:388,0
DA:392,0
DA:393,0
DA:394,0
DA:395,0
DA:396,0
DA:397,0
DA:398,0
DA:399,0
DA:400,0
DA:402,0
DA:403,0
DA:404,0
DA:407,0
DA:410,0
DA:447,0
DA:458,0
DA:469,0
DA:478,0
DA:495,0
DA:513,0
DA:515,0
DA:530,0
DA:532,0
DA:577,0
DA:586,0
DA:599,0
DA:613,0
DA:626,0
DA:663,0
DA:664,0
DA:666,0
DA:674,0
DA:694,0
DA:729,0
DA:730,0
DA:732,0
DA:740,0
DA:767,0
LF:243
LH:2
BRDA:4,0,0,1
BRDA:4,0,1,1
BRDA:32,1,0,0
BRDA:32,1,1,0
BRDA:48,2,0,0
BRDA:48,2,1,0
BRDA:60,3,0,0
BRDA:60,3,1,0
BRDA:70,4,0,0
BRDA:70,4,1,0
BRDA:72,5,0,0
BRDA:72,5,1,0
BRDA:76,6,0,0
BRDA:76,6,1,0
BRDA:79,7,0,0
BRDA:79,7,1,0
BRDA:81,8,0,0
BRDA:81,8,1,0
BRDA:86,9,0,0
BRDA:86,9,1,0
BRDA:86,10,0,0
BRDA:86,10,1,0
BRDA:90,11,0,0
BRDA:90,11,1,0
BRDA:92,12,0,0
BRDA:92,12,1,0
BRDA:102,13,0,0
BRDA:102,13,1,0
BRDA:102,13,2,0
BRDA:102,13,3,0
BRDA:105,14,0,0
BRDA:105,14,1,0
BRDA:109,15,0,0
BRDA:109,15,1,0
BRDA:113,16,0,0
BRDA:113,16,1,0
BRDA:117,17,0,0
BRDA:117,17,1,0
BRDA:136,18,0,0
BRDA:136,18,1,0
BRDA:136,19,0,0
BRDA:136,19,1,0
BRDA:143,20,0,0
BRDA:143,20,1,0
BRDA:147,21,0,0
BRDA:147,21,1,0
BRDA:153,22,0,0
BRDA:153,22,1,0
BRDA:157,23,0,0
BRDA:157,23,1,0
BRDA:176,24,0,0
BRDA:176,24,1,0
BRDA:179,25,0,0
BRDA:179,25,1,0
BRDA:185,26,0,0
BRDA:185,26,1,0
BRDA:191,27,0,0
BRDA:191,27,1,0
BRDA:194,28,0,0
BRDA:194,28,1,0
BRDA:203,29,0,0
BRDA:203,29,1,0
BRDA:211,30,0,0
BRDA:211,30,1,0
BRDA:225,31,0,0
BRDA:225,31,1,0
BRDA:227,32,0,0
BRDA:227,32,1,0
BRDA:234,33,0,0
BRDA:234,33,1,0
BRDA:234,34,0,0
BRDA:234,34,1,0
BRDA:251,35,0,0
BRDA:251,35,1,0
BRDA:254,36,0,0
BRDA:254,36,1,0
BRDA:281,37,0,0
BRDA:282,38,0,0
BRDA:282,38,1,0
BRDA:283,39,0,0
BRDA:283,39,1,0
BRDA:288,40,0,0
BRDA:288,40,1,0
BRDA:293,41,0,0
BRDA:293,41,1,0
BRDA:295,42,0,0
BRDA:295,42,1,0
BRDA:313,43,0,0
BRDA:313,43,1,0
BRDA:331,44,0,0
BRDA:331,44,1,0
BRDA:343,45,0,0
BRDA:343,45,1,0
BRDA:351,46,0,0
BRDA:351,46,1,0
BRDA:353,47,0,0
BRDA:353,47,1,0
BRDA:359,48,0,0
BRDA:359,48,1,0
BRDA:359,48,2,0
BRDA:359,48,3,0
BRDA:364,49,0,0
BRDA:364,49,1,0
BRDA:365,50,0,0
BRDA:365,50,1,0
BRDA:373,51,0,0
BRDA:373,51,1,0
BRDA:375,52,0,0
BRDA:375,52,1,0
BRDA:378,53,0,0
BRDA:378,53,1,0
BRDA:398,54,0,0
BRDA:398,54,1,0
BRDA:399,55,0,0
BRDA:399,55,1,0
BRDA:402,56,0,0
BRDA:402,56,1,0
BRDA:403,57,0,0
BRDA:403,57,1,0
BRDA:429,58,0,0
BRDA:429,58,1,0
BRDA:441,59,0,0
BRDA:441,59,1,0
BRDA:450,60,0,0
BRDA:450,60,1,0
BRDA:453,61,0,0
BRDA:453,61,1,0
BRDA:461,62,0,0
BRDA:461,62,1,0
BRDA:474,63,0,0
BRDA:474,63,1,0
BRDA:486,64,0,0
BRDA:486,64,1,0
BRDA:489,65,0,0
BRDA:489,65,1,0
BRDA:498,66,0,0
BRDA:498,66,1,0
BRDA:503,67,0,0
BRDA:503,67,1,0
BRDA:517,68,0,0
BRDA:517,68,1,0
BRDA:518,69,0,0
BRDA:518,69,1,0
BRDA:526,70,0,0
BRDA:526,70,1,0
BRDA:530,71,0,0
BRDA:530,71,1,0
BRDA:542,72,0,0
BRDA:542,72,1,0
BRDA:544,73,0,0
BRDA:544,73,1,0
BRDA:560,74,0,0
BRDA:560,74,1,0
BRDA:562,75,0,0
BRDA:562,75,1,0
BRDA:616,76,0,0
BRDA:616,76,1,0
BRDA:618,77,0,0
BRDA:618,77,1,0
BRDA:620,78,0,0
BRDA:620,78,1,0
BRDA:629,79,0,0
BRDA:629,79,1,0
BRDA:631,80,0,0
BRDA:631,80,1,0
BRDA:633,81,0,0
BRDA:633,81,1,0
BRDA:641,82,0,0
BRDA:641,82,1,0
BRDA:645,83,0,0
BRDA:645,83,1,0
BRDA:646,84,0,0
BRDA:646,84,1,0
BRDA:649,85,0,0
BRDA:649,85,1,0
BRDA:654,86,0,0
BRDA:654,86,1,0
BRDA:656,87,0,0
BRDA:656,87,1,0
BRDA:656,88,0,0
BRDA:656,88,1,0
BRDA:663,89,0,0
BRDA:663,89,1,0
BRDA:664,90,0,0
BRDA:664,90,1,0
BRDA:669,91,0,0
BRDA:669,91,1,0
BRDA:669,92,0,0
BRDA:669,92,1,0
BRDA:678,93,0,0
BRDA:678,93,1,0
BRDA:678,93,2,0
BRDA:707,94,0,0
BRDA:707,94,1,0
BRDA:711,95,0,0
BRDA:711,95,1,0
BRDA:712,96,0,0
BRDA:712,96,1,0
BRDA:715,97,0,0
BRDA:715,97,1,0
BRDA:720,98,0,0
BRDA:720,98,1,0
BRDA:722,99,0,0
BRDA:722,99,1,0
BRDA:722,100,0,0
BRDA:722,100,1,0
BRDA:729,101,0,0
BRDA:729,101,1,0
BRDA:730,102,0,0
BRDA:730,102,1,0
BRDA:735,103,0,0
BRDA:735,103,1,0
BRDA:735,104,0,0
BRDA:735,104,1,0
BRDA:751,105,0,0
BRDA:751,105,1,0
BRDA:751,105,2,0
BRF:217
BRH:2
end_of_record
